
devtools/dummy_arcadia/test/tmpfs/exectest &lt;exectest&gt; [size:medium]
1 test: 1 - FAIL
Log: http://proxy.sandbox.yandex-team.ru
------ sole chunk ran 1 test
[fail] exectest::run[check_tmpfs] [tags: parametrize] [toolchain-unknown] (0.07s)
E   ExecutionError: Command 'check_tmpfs' has failed with code 1.
    AssertionError
Log: http://proxy.sandbox.yandex-team.ru
Logsdir: http://proxy.sandbox.yandex-team.ru
------ FAIL: 1 - FAIL devtools/dummy_arcadia/test/tmpfs/exectest

Total 1 suite:
	1 - FAIL
Total 1 test:
	1 - FAIL

