<?xml version="1.0" encoding="utf-8"?>
<testsuite failures="5" hostname="kvm-xfstests" name="xfstests" skipped="30" tests="338" time="801" timestamp="2019-01-11T17:22:28">
	
	
	<properties>
		
		
		<property name="KERNEL" value="kernel 4.14.80-xfstests #13 SMP Fri Jan 11 14:27:57 UTC 2019 x86_64"/>
		<property name="FSTESTVER" value="blktests 758bf87 (Thu, 20 Dec 2018 15:54:07 -0800)"/>
		<property name="FSTESTVER" value="fio  fio-3.2 (Fri, 3 Nov 2017 15:23:49 -0600)"/>
		<property name="FSTESTVER" value="fsverity bdebc45 (Wed, 5 Sep 2018 21:32:22 -0700)"/>
		<property name="FSTESTVER" value="quota  59b280e (Mon, 5 Feb 2018 16:48:22 +0100)"/>
		<property name="FSTESTVER" value="xfsprogs v4.16.0 (Thu, 26 Apr 2018 15:13:34 -0500)"/>
		<property name="FSTESTVER" value="xfstests-bld acabd75 (Tue, 18 Dec 2018 22:12:14 -0500)"/>
		<property name="FSTESTVER" value="xfstests v1.1.0-2394-gf3a1213c (Sun, 6 Jan 2019 22:40:40 +0800)"/>
		<property name="FSTESTCFG" value="4k"/>
		<property name="FSTESTSET" value="-g quick"/>
		<property name="FSTESTEXC" value=""/>
		<property name="FSTESTOPT" value="aex"/>
		<property name="MNTOPTS" value=""/>
		<property name="CPUS" value="2"/>
		<property name="MEM" value="1972.8"/>
		<property name="TESTCFG" value="ext4/4k"/>
	</properties>
	
	
	<testcase classname="xfstests.global" name="ext4/001" time="1">
	</testcase>
	
	
	<testcase classname="xfstests.global" name="ext4/002" time="2">
	</testcase>
	
	
	<testcase classname="xfstests.global" name="ext4/003" time="1">
	</testcase>
	
	
	<testcase classname="xfstests.global" name="ext4/005" time="1">
	</testcase>
	
	
	<testcase classname="xfstests.global" name="ext4/020" time="1">
	</testcase>
	
	
	<testcase classname="xfstests.global" name="ext4/021" time="11">
	</testcase>
	
	
	<testcase classname="xfstests.global" name="ext4/022" time="3">
	</testcase>
	
	
	<testcase classname="xfstests.global" name="ext4/023" time="0">
		
		
		<skipped message="No online scrub program for ext4."/>
		
	
	</testcase>
	
	
	<testcase classname="xfstests.global" name="ext4/024" time="2">
	</testcase>
	
	
	<testcase classname="xfstests.global" name="ext4/025" time="0">
	</testcase>
	
	
	<testcase classname="xfstests.global" name="ext4/026" time="2">
	</testcase>
	
	
	<testcase classname="xfstests.global" name="ext4/027" time="1">
	</testcase>
	
	
	<testcase classname="xfstests.global" name="ext4/028" time="5">
	</testcase>
	
	
	<testcase classname="xfstests.global" name="ext4/029" time="0">
		
		
		<skipped message="This test requires a valid $SCRATCH_LOGDEV"/>
		
	
	</testcase>
	
	
	<testcase classname="xfstests.global" name="ext4/030" time="1">
		
		
		<skipped message="mount /dev/vdc with dax failed"/>
		
	
	</testcase>
	
	
	<testcase classname="xfstests.global" name="ext4/031" time="0">
		
		
		<skipped message="mount /dev/vdc with dax failed"/>
		
	
	</testcase>
	
	
	<testcase classname="xfstests.global" name="ext4/032" time="1">
		
		
		<skipped message="online resizing not supported with bigalloc"/>
		
	
	</testcase>
	
	
	<testcase classname="xfstests.global" name="ext4/034" time="0">
	</testcase>
	
	
	<testcase classname="xfstests.global" name="ext4/271" time="1">
	</testcase>
	
	
	<testcase classname="xfstests.global" name="ext4/306" time="3">
	</testcase>
	
	
	<testcase classname="xfstests.global" name="ext4/308" time="7">
	</testcase>
	
	
	<testcase classname="xfstests.global" name="generic/001" time="6">
	</testcase>
	
	
	<testcase classname="xfstests.global" name="generic/002" time="0">
	</testcase>
	
	
	<testcase classname="xfstests.global" name="generic/003" time="11">
	</testcase>
	
	
	<testcase classname="xfstests.global" name="generic/004" time="0">
	</testcase>
	
	
	<testcase classname="xfstests.global" name="generic/005" time="1">
	</testcase>
	
	
	<testcase classname="xfstests.global" name="generic/006" time="1">
	</testcase>
	
	
	<testcase classname="xfstests.global" name="generic/007" time="2">
	</testcase>
	
	
	<testcase classname="xfstests.global" name="generic/008" time="1">
	</testcase>
	
	
	<testcase classname="xfstests.global" name="generic/009" time="2">
	</testcase>
	
	
	<testcase classname="xfstests.global" name="generic/011" time="1">
	</testcase>
	
	
	<testcase classname="xfstests.global" name="generic/012" time="1">
	</testcase>
	
	
	<testcase classname="xfstests.global" name="generic/013" time="5">
	</testcase>
	
	
	<testcase classname="xfstests.global" name="generic/014" time="1">
	</testcase>
	
	
	<testcase classname="xfstests.global" name="generic/015" time="1">
	</testcase>
	
	
	<testcase classname="xfstests.global" name="generic/016" time="1">
	</testcase>
	
	
	<testcase classname="xfstests.global" name="generic/018" time="2">
	</testcase>
	
	
	<testcase classname="xfstests.global" name="generic/020" time="1">
	</testcase>
	
	
	<testcase classname="xfstests.global" name="generic/021" time="1">
	</testcase>
	
	
	<testcase classname="xfstests.global" name="generic/022" time="1">
	</testcase>
	
	
	<testcase classname="xfstests.global" name="generic/023" time="1">
	</testcase>
	
	
	<testcase classname="xfstests.global" name="generic/024" time="1">
	</testcase>
	
	
	<testcase classname="xfstests.global" name="generic/025" time="1">
	</testcase>
	
	
	<testcase classname="xfstests.global" name="generic/026" time="1">
		
		
		<skipped message="ext4 does not define maximum ACL count"/>
		
	
	</testcase>
	
	
	<testcase classname="xfstests.global" name="generic/028" time="5">
	</testcase>
	
	
	<testcase classname="xfstests.global" name="generic/029" time="1">
	</testcase>
	
	
	<testcase classname="xfstests.global" name="generic/030" time="1">
	</testcase>
	
	
	<testcase classname="xfstests.global" name="generic/031" time="1">
	</testcase>
	
	
	<testcase classname="xfstests.global" name="generic/032" time="10">
	</testcase>
	
	
	<testcase classname="xfstests.global" name="generic/033" time="1">
	</testcase>
	
	
	<testcase classname="xfstests.global" name="generic/034" time="1">
	</testcase>
	
	
	<testcase classname="xfstests.global" name="generic/035" time="1">
	</testcase>
	
	
	<testcase classname="xfstests.global" name="generic/037" time="12">
	</testcase>
	
	
	<testcase classname="xfstests.global" name="generic/039" time="2">
	</testcase>
	
	
	<testcase classname="xfstests.global" name="generic/040" time="11">
	</testcase>
	
	
	<testcase classname="xfstests.global" name="generic/041" time="16">
	</testcase>
	
	
	<testcase classname="xfstests.global" name="generic/050" time="1">
	</testcase>
	
	
	<testcase classname="xfstests.global" name="generic/052" time="1">
	</testcase>
	
	
	<testcase classname="xfstests.global" name="generic/053" time="1">
	</testcase>
	
	
	<testcase classname="xfstests.global" name="generic/056" time="1">
	</testcase>
	
	
	<testcase classname="xfstests.global" name="generic/057" time="1">
	</testcase>
	
	
	<testcase classname="xfstests.global" name="generic/058" time="1">
	</testcase>
	
	
	<testcase classname="xfstests.global" name="generic/059" time="1">
	</testcase>
	
	
	<testcase classname="xfstests.global" name="generic/060" time="1">
	</testcase>
	
	
	<testcase classname="xfstests.global" name="generic/061" time="1">
	</testcase>
	
	
	<testcase classname="xfstests.global" name="generic/062" time="2">
	</testcase>
	
	
	<testcase classname="xfstests.global" name="generic/063" time="1">
	</testcase>
	
	
	<testcase classname="xfstests.global" name="generic/064" time="2">
	</testcase>
	
	
	<testcase classname="xfstests.global" name="generic/065" time="1">
	</testcase>
	
	
	<testcase classname="xfstests.global" name="generic/066" time="1">
	</testcase>
	
	
	<testcase classname="xfstests.global" name="generic/067" time="1">
	</testcase>
	
	
	<testcase classname="xfstests.global" name="generic/069" time="21">
	</testcase>
	
	
	<testcase classname="xfstests.global" name="generic/070" time="1">
	</testcase>
	
	
	<testcase classname="xfstests.global" name="generic/071" time="1">
	</testcase>
	
	
	<testcase classname="xfstests.global" name="generic/073" time="1">
	</testcase>
	
	
	<testcase classname="xfstests.global" name="generic/075" time="1">
		
		
		<failure message="- output mismatch (see /results/ext4/results-4k/generic/075.out.bad)" type="TestFail"/>
		
		
		<system-err>

--- tests/generic/075.out	2018-12-19 03:12:14.000000000 +0000
+++ /results/ext4/results-4k/generic/075.out.bad	2019-01-11 17:12:20.352909853 +0000
@@ -4,15 +4,4 @@
 -----------------------------------------------
 fsx.0 : -d -N numops -S 0
 -----------------------------------------------
-
------------------------------------------------
-fsx.1 : -d -N numops -S 0 -x
------------------------------------------------
-
------------------------------------------------
-fsx.2 : -d -N numops -l filelen -S 0
------------------------------------------------
-
------------------------------------------------
-fsx.3 : -d -N numops -l filelen -S 0 -x
------------------------------------------------
+    fsx (-d -N 1000 -S 0) failed, 0 - compare /results/ext4/results-4k/generic/075.0.{good,bad,fsxlog}

		</system-err>
		
	
	</testcase>
	
	
	<testcase classname="xfstests.global" name="generic/076" time="3">
	</testcase>
	
	
	<testcase classname="xfstests.global" name="generic/078" time="1">
	</testcase>
	
	
	<testcase classname="xfstests.global" name="generic/079" time="1">
	</testcase>
	
	
	<testcase classname="xfstests.global" name="generic/080" time="2">
	</testcase>
	
	
	<testcase classname="xfstests.global" name="generic/081" time="4">
	</testcase>
	
	
	<testcase classname="xfstests.global" name="generic/082" time="1">
	</testcase>
	
	
	<testcase classname="xfstests.global" name="generic/084" time="6">
	</testcase>
	
	
	<testcase classname="xfstests.global" name="generic/086" time="1">
	</testcase>
	
	
	<testcase classname="xfstests.global" name="generic/087" time="0">
	</testcase>
	
	
	<testcase classname="xfstests.global" name="generic/088" time="1">
	</testcase>
	
	
	<testcase classname="xfstests.global" name="generic/090" time="1">
	</testcase>
	
	
	<testcase classname="xfstests.global" name="generic/091" time="0">
		
		
		<failure message="- output mismatch (see /results/ext4/results-4k/generic/091.out.bad)" type="TestFail"/>
		
		
		<system-out>

/root/xfstests/ltp/fsx -N 10000 -l 500000 -r 4096 -t 512 -w 512 -Z -R -W /vdd/junk
mapped writes DISABLED
Seed set to 1
main: filesystem does not support clone range, disabling!
truncating to largest ever: 0xe400
copying to largest ever: 0x62e00
copying to largest ever: 0x76a00
dedupe range: 0x71000 to 0x79000 at 0x68000
do_dedupe_range(1): FIDEDUPERANGE: Invalid argument
LOG DUMP (28 total operations):
1(  1 mod 256): SKIPPED (no operation)
2(  2 mod 256): SKIPPED (no operation)
3(  3 mod 256): SKIPPED (no operation)
4(  4 mod 256): TRUNCATE UP	from 0x0 to 0xe400
5(  5 mod 256): INSERT 0x6000 thru 0x9fff	(0x4000 bytes)
6(  6 mod 256): ZERO     0x35be thru 0xcd45	(0x9788 bytes)
7(  7 mod 256): WRITE    0x3ac00 thru 0x465ff	(0xba00 bytes) HOLE
8(  8 mod 256): READ     0x29000 thru 0x2bfff	(0x3000 bytes)
9(  9 mod 256): WRITE    0x73200 thru 0x79fff	(0x6e00 bytes) HOLE
10( 10 mod 256): READ     0x13000 thru 0x1afff	(0x8000 bytes)
11( 11 mod 256): COLLAPSE 0x78000 thru 0x78fff	(0x1000 bytes)
12( 12 mod 256): PUNCH    0x2142b thru 0x228f6	(0x14cc bytes)
13( 13 mod 256): FALLOC   0x2f42a thru 0x3e074	(0xec4a bytes) INTERIOR
14( 14 mod 256): ZERO     0x5bb2b thru 0x6844a	(0xc920 bytes)
15( 15 mod 256): WRITE    0x55e00 thru 0x5e7ff	(0x8a00 bytes)
16( 16 mod 256): READ     0x27000 thru 0x30fff	(0xa000 bytes)
17( 17 mod 256): COLLAPSE 0x28000 thru 0x29fff	(0x2000 bytes)
18( 18 mod 256): COPY 0x75000 thru 0x75fff	(0x1000 bytes) to 0x61e00 thru 0x62dff
19( 19 mod 256): INSERT 0x45000 thru 0x47fff	(0x3000 bytes)
20( 20 mod 256): COPY 0x57000 thru 0x63fff	(0xd000 bytes) to 0x69a00 thru 0x769ff
21( 21 mod 256): READ     0x26000 thru 0x30fff	(0xb000 bytes)
22( 22 mod 256): WRITE    0x1f200 thru 0x2cbff	(0xda00 bytes)
23( 23 mod 256): READ     0x3e000 thru 0x44fff	(0x7000 bytes)
24( 24 mod 256): WRITE    0x23000 thru 0x285ff	(0x5600 bytes)
25( 25 mod 256): WRITE    0x47800 thru 0x4b1ff	(0x3a00 bytes)
26( 26 mod 256): SKIPPED (no operation)
27( 27 mod 256): READ     0x70000 thru 0x74fff	(0x5000 bytes)
28( 28 mod 256): DEDUPE 0x71000 thru 0x78fff	(0x8000 bytes) to 0x68000 thru 0x6ffff
Log of operations saved to &amp;quot;/vdd/junk.fsxops&amp;quot;; replay with --replay-ops
Correct content saved for comparison
(maybe hexdump &amp;quot;/vdd/junk&amp;quot; vs &amp;quot;/vdd/junk.fsxgood&amp;quot;)

		</system-out>
		
		
		<system-err>

--- tests/generic/091.out	2018-12-19 03:12:14.000000000 +0000
+++ /results/ext4/results-4k/generic/091.out.bad	2019-01-11 17:12:41.709576520 +0000
@@ -1,7 +1,42 @@
 QA output created by 091
 fsx -N 10000 -l 500000 -r PSIZE -t BSIZE -w BSIZE -Z -R -W
-fsx -N 10000 -o 8192 -l 500000 -r PSIZE -t BSIZE -w BSIZE -Z -R -W
-fsx -N 10000 -o 32768 -l 500000 -r PSIZE -t BSIZE -w BSIZE -Z -R -W
-fsx -N 10000 -o 8192 -l 500000 -r PSIZE -t BSIZE -w BSIZE -Z -R -W
-fsx -N 10000 -o 32768 -l 500000 -r PSIZE -t BSIZE -w BSIZE -Z -R -W
-fsx -N 10000 -o 128000 -l 500000 -r PSIZE -t BSIZE -w BSIZE -Z -W
+mapped writes DISABLED
+Seed set to 1
+main: filesystem does not support clone range, disabling!
+truncating to largest ever: 0xe400
+copying to largest ever: 0x62e00
+copying to largest ever: 0x76a00
+dedupe range: 0x71000 to 0x79000 at 0x68000
+do_dedupe_range(1): FIDEDUPERANGE: Invalid argument
+LOG DUMP (28 total operations):
+1(  1 mod 256): SKIPPED (no operation)
+2(  2 mod 256): SKIPPED (no operation)
+3(  3 mod 256): SKIPPED (no operation)
+4(  4 mod 256): TRUNCATE UP	from 0x0 to 0xe400
+5(  5 mod 256): INSERT 0x6000 thru 0x9fff	(0x4000 bytes)
+6(  6 mod 256): ZERO     0x35be thru 0xcd45	(0x9788 bytes)
+7(  7 mod 256): WRITE    0x3ac00 thru 0x465ff	(0xba00 bytes) HOLE
+8(  8 mod 256): READ     0x29000 thru 0x2bfff	(0x3000 bytes)
+9(  9 mod 256): WRITE    0x73200 thru 0x79fff	(0x6e00 bytes) HOLE
+10( 10 mod 256): READ     0x13000 thru 0x1afff	(0x8000 bytes)
+11( 11 mod 256): COLLAPSE 0x78000 thru 0x78fff	(0x1000 bytes)
+12( 12 mod 256): PUNCH    0x2142b thru 0x228f6	(0x14cc bytes)
+13( 13 mod 256): FALLOC   0x2f42a thru 0x3e074	(0xec4a bytes) INTERIOR
+14( 14 mod 256): ZERO     0x5bb2b thru 0x6844a	(0xc920 bytes)
+15( 15 mod 256): WRITE    0x55e00 thru 0x5e7ff	(0x8a00 bytes)
+16( 16 mod 256): READ     0x27000 thru 0x30fff	(0xa000 bytes)
+17( 17 mod 256): COLLAPSE 0x28000 thru 0x29fff	(0x2000 bytes)
+18( 18 mod 256): COPY 0x75000 thru 0x75fff	(0x1000 bytes) to 0x61e00 thru 0x62dff
+19( 19 mod 256): INSERT 0x45000 thru 0x47fff	(0x3000 bytes)
+20( 20 mod 256): COPY 0x57000 thru 0x63fff	(0xd000 bytes) to 0x69a00 thru 0x769ff
+21( 21 mod 256): READ     0x26000 thru 0x30fff	(0xb000 bytes)
+22( 22 mod 256): WRITE    0x1f200 thru 0x2cbff	(0xda00 bytes)
+23( 23 mod 256): READ     0x3e000 thru 0x44fff	(0x7000 bytes)
+24( 24 mod 256): WRITE    0x23000 thru 0x285ff	(0x5600 bytes)
+25( 25 mod 256): WRITE    0x47800 thru 0x4b1ff	(0x3a00 bytes)
+26( 26 mod 256): SKIPPED (no operation)
+27( 27 mod 256): READ     0x70000 thru 0x74fff	(0x5000 bytes)
+28( 28 mod 256): DEDUPE 0x71000 thru 0x78fff	(0x8000 bytes) to 0x68000 thru 0x6ffff
+Log of operations saved to &amp;quot;/vdd/junk.fsxops&amp;quot;; replay with --replay-ops
+Correct content saved for comparison
+(maybe hexdump &amp;quot;/vdd/junk&amp;quot; vs &amp;quot;/vdd/junk.fsxgood&amp;quot;)

		</system-err>
		
	
	</testcase>
	
	
	<testcase classname="xfstests.global" name="generic/092" time="1">
	</testcase>
	
	
	<testcase classname="xfstests.global" name="generic/094" time="6">
	</testcase>
	
	
	<testcase classname="xfstests.global" name="generic/096" time="1">
	</testcase>
	
	
	<testcase classname="xfstests.global" name="generic/097" time="1">
	</testcase>
	
	
	<testcase classname="xfstests.global" name="generic/098" time="1">
	</testcase>
	
	
	<testcase classname="xfstests.global" name="generic/099" time="1">
	</testcase>
	
	
	<testcase classname="xfstests.global" name="generic/101" time="1">
	</testcase>
	
	
	<testcase classname="xfstests.global" name="generic/103" time="1">
	</testcase>
	
	
	<testcase classname="xfstests.global" name="generic/104" time="1">
	</testcase>
	
	
	<testcase classname="xfstests.global" name="generic/105" time="1">
	</testcase>
	
	
	<testcase classname="xfstests.global" name="generic/106" time="2">
	</testcase>
	
	
	<testcase classname="xfstests.global" name="generic/107" time="1">
	</testcase>
	
	
	<testcase classname="xfstests.global" name="generic/108" time="0">
		
		
		<skipped message="scsi_debug module not found"/>
		
	
	</testcase>
	
	
	<testcase classname="xfstests.global" name="generic/112" time="1">
		
		
		<failure message="- output mismatch (see /results/ext4/results-4k/generic/112.out.bad)" type="TestFail"/>
		
		
		<system-err>

--- tests/generic/112.out	2018-12-19 03:12:14.000000000 +0000
+++ /results/ext4/results-4k/generic/112.out.bad	2019-01-11 17:13:00.282909853 +0000
@@ -4,15 +4,4 @@
 -----------------------------------------------
 fsx.0 : -A -d -N numops -S 0
 -----------------------------------------------
-
------------------------------------------------
-fsx.1 : -A -d -N numops -S 0 -x
------------------------------------------------
-
------------------------------------------------
-fsx.2 : -A -d -N numops -l filelen -S 0
------------------------------------------------
-
------------------------------------------------
-fsx.3 : -A -d -N numops -l filelen -S 0 -x
------------------------------------------------
+    fsx (-A -d -N 1000 -S 0) returned 0 - see 112.0.full

		</system-err>
		
	
	</testcase>
	
	
	<testcase classname="xfstests.global" name="generic/113" time="5">
	</testcase>
	
	
	<testcase classname="xfstests.global" name="generic/114" time="3">
	</testcase>
	
	
	<testcase classname="xfstests.global" name="generic/117" time="2">
	</testcase>
	
	
	<testcase classname="xfstests.global" name="generic/120" time="16">
	</testcase>
	
	
	<testcase classname="xfstests.global" name="generic/123" time="0">
	</testcase>
	
	
	<testcase classname="xfstests.global" name="generic/124" time="3">
	</testcase>
	
	
	<testcase classname="xfstests.global" name="generic/126" time="1">
	</testcase>
	
	
	<testcase classname="xfstests.global" name="generic/128" time="0">
	</testcase>
	
	
	<testcase classname="xfstests.global" name="generic/129" time="8">
	</testcase>
	
	
	<testcase classname="xfstests.global" name="generic/130" time="3">
	</testcase>
	
	
	<testcase classname="xfstests.global" name="generic/131" time="2">
	</testcase>
	
	
	<testcase classname="xfstests.global" name="generic/135" time="1">
	</testcase>
	
	
	<testcase classname="xfstests.global" name="generic/141" time="1">
	</testcase>
	
	
	<testcase classname="xfstests.global" name="generic/169" time="0">
	</testcase>
	
	
	<testcase classname="xfstests.global" name="generic/177" time="1">
	</testcase>
	
	
	<testcase classname="xfstests.global" name="generic/184" time="0">
	</testcase>
	
	
	<testcase classname="xfstests.global" name="generic/193" time="1">
	</testcase>
	
	
	<testcase classname="xfstests.global" name="generic/198" time="1">
	</testcase>
	
	
	<testcase classname="xfstests.global" name="generic/207" time="1">
	</testcase>
	
	
	<testcase classname="xfstests.global" name="generic/210" time="1">
	</testcase>
	
	
	<testcase classname="xfstests.global" name="generic/211" time="1">
	</testcase>
	
	
	<testcase classname="xfstests.global" name="generic/212" time="0">
	</testcase>
	
	
	<testcase classname="xfstests.global" name="generic/213" time="1">
	</testcase>
	
	
	<testcase classname="xfstests.global" name="generic/214" time="0">
	</testcase>
	
	
	<testcase classname="xfstests.global" name="generic/215" time="2">
	</testcase>
	
	
	<testcase classname="xfstests.global" name="generic/219" time="1">
	</testcase>
	
	
	<testcase classname="xfstests.global" name="generic/221" time="2">
	</testcase>
	
	
	<testcase classname="xfstests.global" name="generic/225" time="8">
	</testcase>
	
	
	<testcase classname="xfstests.global" name="generic/228" time="1">
	</testcase>
	
	
	<testcase classname="xfstests.global" name="generic/230" time="13">
	</testcase>
	
	
	<testcase classname="xfstests.global" name="generic/235" time="1">
	</testcase>
	
	
	<testcase classname="xfstests.global" name="generic/236" time="2">
	</testcase>
	
	
	<testcase classname="xfstests.global" name="generic/237" time="0">
	</testcase>
	
	
	<testcase classname="xfstests.global" name="generic/240" time="1">
	</testcase>
	
	
	<testcase classname="xfstests.global" name="generic/244" time="5">
	</testcase>
	
	
	<testcase classname="xfstests.global" name="generic/245" time="1">
	</testcase>
	
	
	<testcase classname="xfstests.global" name="generic/246" time="0">
	</testcase>
	
	
	<testcase classname="xfstests.global" name="generic/247" time="7">
	</testcase>
	
	
	<testcase classname="xfstests.global" name="generic/248" time="0">
	</testcase>
	
	
	<testcase classname="xfstests.global" name="generic/249" time="1">
	</testcase>
	
	
	<testcase classname="xfstests.global" name="generic/250" time="2">
	</testcase>
	
	
	<testcase classname="xfstests.global" name="generic/252" time="1">
	</testcase>
	
	
	<testcase classname="xfstests.global" name="generic/255" time="2">
	</testcase>
	
	
	<testcase classname="xfstests.global" name="generic/256" time="41">
	</testcase>
	
	
	<testcase classname="xfstests.global" name="generic/257" time="1">
	</testcase>
	
	
	<testcase classname="xfstests.global" name="generic/258" time="1">
	</testcase>
	
	
	<testcase classname="xfstests.global" name="generic/260" time="0">
		
		
		<skipped message="FITRIM not supported on /vdc"/>
		
	
	</testcase>
	
	
	<testcase classname="xfstests.global" name="generic/263" time="1">
		
		
		<failure message="- output mismatch (see /results/ext4/results-4k/generic/263.out.bad)" type="TestFail"/>
		
		
		<system-out>

/root/xfstests/ltp/fsx -N 10000 -o 8192 -l 500000 -r 4096 -t 512 -w 512 -Z /vdd/junk
Seed set to 1
main: filesystem does not support clone range, disabling!
skipping zero size read
truncating to largest ever: 0xe400
copying to largest ever: 0x62e00
dedupe range: 0x46000 to 0x47000 at 0x67000
do_dedupe_range(1): FIDEDUPERANGE: Invalid argument
LOG DUMP (33 total operations):
1(  1 mod 256): SKIPPED (no operation)
2(  2 mod 256): SKIPPED (no operation)
3(  3 mod 256): SKIPPED (no operation)
4(  4 mod 256): TRUNCATE UP	from 0x0 to 0xe400
5(  5 mod 256): INSERT 0x6000 thru 0x6fff	(0x1000 bytes)
6(  6 mod 256): ZERO     0x41be thru 0x5857	(0x169a bytes)
7(  7 mod 256): WRITE    0x3ac00 thru 0x3b5ff	(0xa00 bytes) HOLE
8(  8 mod 256): MAPREAD  0x1a000 thru 0x1aeae	(0xeaf bytes)
9(  9 mod 256): MAPWRITE 0x73200 thru 0x73871	(0x672 bytes)
10( 10 mod 256): MAPREAD  0x12000 thru 0x12415	(0x416 bytes)
11( 11 mod 256): SKIPPED (no operation)
12( 12 mod 256): PUNCH    0x66723 thru 0x67716	(0xff4 bytes)
13( 13 mod 256): FALLOC   0x2f42a thru 0x308d5	(0x14ab bytes) INTERIOR
14( 14 mod 256): ZERO     0x32dc9 thru 0x34296	(0x14ce bytes)
15( 15 mod 256): MAPWRITE 0x55e00 thru 0x574bd	(0x16be bytes)
16( 16 mod 256): READ     0x48000 thru 0x48fff	(0x1000 bytes)
17( 17 mod 256): COLLAPSE 0x3000 thru 0x3fff	(0x1000 bytes)
18( 18 mod 256): COPY 0x20000 thru 0x20fff	(0x1000 bytes) to 0x61e00 thru 0x62dff
19( 19 mod 256): INSERT 0x60000 thru 0x60fff	(0x1000 bytes)
20( 20 mod 256): SKIPPED (no operation)
21( 21 mod 256): READ     0x1d000 thru 0x1dfff	(0x1000 bytes)
22( 22 mod 256): MAPWRITE 0x1f200 thru 0x1f679	(0x47a bytes)
23( 23 mod 256): MAPREAD  0x2b000 thru 0x2c3cc	(0x13cd bytes)
24( 24 mod 256): MAPWRITE 0x23000 thru 0x240b8	(0x10b9 bytes)
25( 25 mod 256): WRITE    0x47800 thru 0x47fff	(0x800 bytes)
26( 26 mod 256): SKIPPED (no operation)
27( 27 mod 256): SKIPPED (no operation)
28( 28 mod 256): SKIPPED (no operation)
29( 29 mod 256): INSERT 0x6e000 thru 0x6efff	(0x1000 bytes)
30( 30 mod 256): FALLOC   0x2deac thru 0x2e333	(0x487 bytes) INTERIOR
31( 31 mod 256): SKIPPED (no operation)
32( 32 mod 256): SKIPPED (no operation)
33( 33 mod 256): DEDUPE 0x46000 thru 0x46fff	(0x1000 bytes) to 0x67000 thru 0x67fff
Log of operations saved to &amp;quot;/vdd/junk.fsxops&amp;quot;; replay with --replay-ops
Correct content saved for comparison
(maybe hexdump &amp;quot;/vdd/junk&amp;quot; vs &amp;quot;/vdd/junk.fsxgood&amp;quot;)

		</system-out>
		
		
		<system-err>

--- tests/generic/263.out	2018-12-19 03:12:14.000000000 +0000
+++ /results/ext4/results-4k/generic/263.out.bad	2019-01-11 17:15:31.239576520 +0000
@@ -1,3 +1,46 @@
 QA output created by 263
 fsx -N 10000 -o 8192 -l 500000 -r PSIZE -t BSIZE -w BSIZE -Z
-fsx -N 10000 -o 128000 -l 500000 -r PSIZE -t BSIZE -w BSIZE -Z
+Seed set to 1
+main: filesystem does not support clone range, disabling!
+skipping zero size read
+truncating to largest ever: 0xe400
+copying to largest ever: 0x62e00
+dedupe range: 0x46000 to 0x47000 at 0x67000
+do_dedupe_range(1): FIDEDUPERANGE: Invalid argument
+LOG DUMP (33 total operations):
+1(  1 mod 256): SKIPPED (no operation)
+2(  2 mod 256): SKIPPED (no operation)
+3(  3 mod 256): SKIPPED (no operation)
+4(  4 mod 256): TRUNCATE UP	from 0x0 to 0xe400
+5(  5 mod 256): INSERT 0x6000 thru 0x6fff	(0x1000 bytes)
+6(  6 mod 256): ZERO     0x41be thru 0x5857	(0x169a bytes)
+7(  7 mod 256): WRITE    0x3ac00 thru 0x3b5ff	(0xa00 bytes) HOLE
+8(  8 mod 256): MAPREAD  0x1a000 thru 0x1aeae	(0xeaf bytes)
+9(  9 mod 256): MAPWRITE 0x73200 thru 0x73871	(0x672 bytes)
+10( 10 mod 256): MAPREAD  0x12000 thru 0x12415	(0x416 bytes)
+11( 11 mod 256): SKIPPED (no operation)
+12( 12 mod 256): PUNCH    0x66723 thru 0x67716	(0xff4 bytes)
+13( 13 mod 256): FALLOC   0x2f42a thru 0x308d5	(0x14ab bytes) INTERIOR
+14( 14 mod 256): ZERO     0x32dc9 thru 0x34296	(0x14ce bytes)
+15( 15 mod 256): MAPWRITE 0x55e00 thru 0x574bd	(0x16be bytes)
+16( 16 mod 256): READ     0x48000 thru 0x48fff	(0x1000 bytes)
+17( 17 mod 256): COLLAPSE 0x3000 thru 0x3fff	(0x1000 bytes)
+18( 18 mod 256): COPY 0x20000 thru 0x20fff	(0x1000 bytes) to 0x61e00 thru 0x62dff
+19( 19 mod 256): INSERT 0x60000 thru 0x60fff	(0x1000 bytes)
+20( 20 mod 256): SKIPPED (no operation)
+21( 21 mod 256): READ     0x1d000 thru 0x1dfff	(0x1000 bytes)
+22( 22 mod 256): MAPWRITE 0x1f200 thru 0x1f679	(0x47a bytes)
+23( 23 mod 256): MAPREAD  0x2b000 thru 0x2c3cc	(0x13cd bytes)
+24( 24 mod 256): MAPWRITE 0x23000 thru 0x240b8	(0x10b9 bytes)
+25( 25 mod 256): WRITE    0x47800 thru 0x47fff	(0x800 bytes)
+26( 26 mod 256): SKIPPED (no operation)
+27( 27 mod 256): SKIPPED (no operation)
+28( 28 mod 256): SKIPPED (no operation)
+29( 29 mod 256): INSERT 0x6e000 thru 0x6efff	(0x1000 bytes)
+30( 30 mod 256): FALLOC   0x2deac thru 0x2e333	(0x487 bytes) INTERIOR
+31( 31 mod 256): SKIPPED (no operation)
+32( 32 mod 256): SKIPPED (no operation)
+33( 33 mod 256): DEDUPE 0x46000 thru 0x46fff	(0x1000 bytes) to 0x67000 thru 0x67fff
+Log of operations saved to &amp;quot;/vdd/junk.fsxops&amp;quot;; replay with --replay-ops
+Correct content saved for comparison
+(maybe hexdump &amp;quot;/vdd/junk&amp;quot; vs &amp;quot;/vdd/junk.fsxgood&amp;quot;)

		</system-err>
		
	
	</testcase>
	
	
	<testcase classname="xfstests.global" name="generic/277" time="2">
	</testcase>
	
	
	<testcase classname="xfstests.global" name="generic/286" time="3">
	</testcase>
	
	
	<testcase classname="xfstests.global" name="generic/288" time="1">
		
		
		<skipped message="FITRIM not supported on /vdc"/>
		
	
	</testcase>
	
	
	<testcase classname="xfstests.global" name="generic/294" time="1">
	</testcase>
	
	
	<testcase classname="xfstests.global" name="generic/306" time="1">
	</testcase>
	
	
	<testcase classname="xfstests.global" name="generic/307" time="2">
	</testcase>
	
	
	<testcase classname="xfstests.global" name="generic/308" time="0">
	</testcase>
	
	
	<testcase classname="xfstests.global" name="generic/309" time="2">
	</testcase>
	
	
	<testcase classname="xfstests.global" name="generic/312" time="1">
	</testcase>
	
	
	<testcase classname="xfstests.global" name="generic/313" time="4">
	</testcase>
	
	
	<testcase classname="xfstests.global" name="generic/314" time="1">
	</testcase>
	
	
	<testcase classname="xfstests.global" name="generic/315" time="0">
	</testcase>
	
	
	<testcase classname="xfstests.global" name="generic/316" time="2">
	</testcase>
	
	
	<testcase classname="xfstests.global" name="generic/317" time="1">
	</testcase>
	
	
	<testcase classname="xfstests.global" name="generic/318" time="1">
	</testcase>
	
	
	<testcase classname="xfstests.global" name="generic/319" time="0">
	</testcase>
	
	
	<testcase classname="xfstests.global" name="generic/321" time="2">
	</testcase>
	
	
	<testcase classname="xfstests.global" name="generic/322" time="2">
	</testcase>
	
	
	<testcase classname="xfstests.global" name="generic/324" time="18">
	</testcase>
	
	
	<testcase classname="xfstests.global" name="generic/325" time="2">
	</testcase>
	
	
	<testcase classname="xfstests.global" name="generic/335" time="1">
	</testcase>
	
	
	<testcase classname="xfstests.global" name="generic/336" time="1">
	</testcase>
	
	
	<testcase classname="xfstests.global" name="generic/337" time="1">
	</testcase>
	
	
	<testcase classname="xfstests.global" name="generic/338" time="1">
	</testcase>
	
	
	<testcase classname="xfstests.global" name="generic/341" time="1">
	</testcase>
	
	
	<testcase classname="xfstests.global" name="generic/342" time="1">
	</testcase>
	
	
	<testcase classname="xfstests.global" name="generic/343" time="1">
	</testcase>
	
	
	<testcase classname="xfstests.global" name="generic/346" time="5">
	</testcase>
	
	
	<testcase classname="xfstests.global" name="generic/347" time="67">
	</testcase>
	
	
	<testcase classname="xfstests.global" name="generic/348" time="1">
	</testcase>
	
	
	<testcase classname="xfstests.global" name="generic/355" time="0">
	</testcase>
	
	
	<testcase classname="xfstests.global" name="generic/360" time="1">
	</testcase>
	
	
	<testcase classname="xfstests.global" name="generic/361" time="4">
	</testcase>
	
	
	<testcase classname="xfstests.global" name="generic/362" time="0">
		
		
		<skipped message="can't mkfs ext4 with option -O richacl"/>
		
	
	</testcase>
	
	
	<testcase classname="xfstests.global" name="generic/363" time="1">
		
		
		<skipped message="can't mkfs ext4 with option -O richacl"/>
		
	
	</testcase>
	
	
	<testcase classname="xfstests.global" name="generic/364" time="0">
		
		
		<skipped message="can't mkfs ext4 with option -O richacl"/>
		
	
	</testcase>
	
	
	<testcase classname="xfstests.global" name="generic/365" time="1">
		
		
		<skipped message="can't mkfs ext4 with option -O richacl"/>
		
	
	</testcase>
	
	
	<testcase classname="xfstests.global" name="generic/366" time="0">
		
		
		<skipped message="can't mkfs ext4 with option -O richacl"/>
		
	
	</testcase>
	
	
	<testcase classname="xfstests.global" name="generic/367" time="0">
		
		
		<skipped message="can't mkfs ext4 with option -O richacl"/>
		
	
	</testcase>
	
	
	<testcase classname="xfstests.global" name="generic/368" time="1">
		
		
		<skipped message="can't mkfs ext4 with option -O richacl"/>
		
	
	</testcase>
	
	
	<testcase classname="xfstests.global" name="generic/369" time="0">
		
		
		<skipped message="can't mkfs ext4 with option -O richacl"/>
		
	
	</testcase>
	
	
	<testcase classname="xfstests.global" name="generic/370" time="1">
		
		
		<skipped message="can't mkfs ext4 with option -O richacl"/>
		
	
	</testcase>
	
	
	<testcase classname="xfstests.global" name="generic/371" time="33">
	</testcase>
	
	
	<testcase classname="xfstests.global" name="generic/375" time="0">
	</testcase>
	
	
	<testcase classname="xfstests.global" name="generic/376" time="1">
	</testcase>
	
	
	<testcase classname="xfstests.global" name="generic/377" time="0">
	</testcase>
	
	
	<testcase classname="xfstests.global" name="generic/378" time="1">
	</testcase>
	
	
	<testcase classname="xfstests.global" name="generic/379" time="2">
	</testcase>
	
	
	<testcase classname="xfstests.global" name="generic/380" time="5">
	</testcase>
	
	
	<testcase classname="xfstests.global" name="generic/381" time="1">
		
		
		<skipped message="123456-fsgqa user not defined."/>
		
	
	</testcase>
	
	
	<testcase classname="xfstests.global" name="generic/382" time="2">
	</testcase>
	
	
	<testcase classname="xfstests.global" name="generic/383" time="1">
	</testcase>
	
	
	<testcase classname="xfstests.global" name="generic/384" time="1">
	</testcase>
	
	
	<testcase classname="xfstests.global" name="generic/385" time="5">
	</testcase>
	
	
	<testcase classname="xfstests.global" name="generic/386" time="1">
	</testcase>
	
	
	<testcase classname="xfstests.global" name="generic/389" time="1">
	</testcase>
	
	
	<testcase classname="xfstests.global" name="generic/391" time="4">
	</testcase>
	
	
	<testcase classname="xfstests.global" name="generic/393" time="1">
	</testcase>
	
	
	<testcase classname="xfstests.global" name="generic/394" time="0">
	</testcase>
	
	
	<testcase classname="xfstests.global" name="generic/395" time="2">
	</testcase>
	
	
	<testcase classname="xfstests.global" name="generic/396" time="1">
	</testcase>
	
	
	<testcase classname="xfstests.global" name="generic/397" time="2">
	</testcase>
	
	
	<testcase classname="xfstests.global" name="generic/398" time="2">
	</testcase>
	
	
	<testcase classname="xfstests.global" name="generic/400" time="1">
	</testcase>
	
	
	<testcase classname="xfstests.global" name="generic/401" time="1">
	</testcase>
	
	
	<testcase classname="xfstests.global" name="generic/402" time="0">
		
		
		<skipped message="no kernel support for y2038 sysfs switch"/>
		
	
	</testcase>
	
	
	<testcase classname="xfstests.global" name="generic/403" time="1">
	</testcase>
	
	
	<testcase classname="xfstests.global" name="generic/404" time="10">
	</testcase>
	
	
	<testcase classname="xfstests.global" name="generic/406" time="2">
	</testcase>
	
	
	<testcase classname="xfstests.global" name="generic/409" time="9">
	</testcase>
	
	
	<testcase classname="xfstests.global" name="generic/410" time="18">
	</testcase>
	
	
	<testcase classname="xfstests.global" name="generic/411" time="1">
	</testcase>
	
	
	<testcase classname="xfstests.global" name="generic/412" time="1">
	</testcase>
	
	
	<testcase classname="xfstests.global" name="generic/413" time="0">
		
		
		<skipped message="mount /dev/vdc with dax failed"/>
		
	
	</testcase>
	
	
	<testcase classname="xfstests.global" name="generic/417" time="10">
	</testcase>
	
	
	<testcase classname="xfstests.global" name="generic/419" time="2">
	</testcase>
	
	
	<testcase classname="xfstests.global" name="generic/420" time="0">
	</testcase>
	
	
	<testcase classname="xfstests.global" name="generic/421" time="3">
	</testcase>
	
	
	<testcase classname="xfstests.global" name="generic/422" time="1">
	</testcase>
	
	
	<testcase classname="xfstests.global" name="generic/423" time="1">
	</testcase>
	
	
	<testcase classname="xfstests.global" name="generic/424" time="0">
	</testcase>
	
	
	<testcase classname="xfstests.global" name="generic/425" time="1">
	</testcase>
	
	
	<testcase classname="xfstests.global" name="generic/426" time="2">
	</testcase>
	
	
	<testcase classname="xfstests.global" name="generic/427" time="2">
	</testcase>
	
	
	<testcase classname="xfstests.global" name="generic/428" time="0">
	</testcase>
	
	
	<testcase classname="xfstests.global" name="generic/430" time="1">
	</testcase>
	
	
	<testcase classname="xfstests.global" name="generic/431" time="0">
	</testcase>
	
	
	<testcase classname="xfstests.global" name="generic/432" time="1">
	</testcase>
	
	
	<testcase classname="xfstests.global" name="generic/433" time="1">
	</testcase>
	
	
	<testcase classname="xfstests.global" name="generic/434" time="0">
	</testcase>
	
	
	<testcase classname="xfstests.global" name="generic/436" time="1">
	</testcase>
	
	
	<testcase classname="xfstests.global" name="generic/437" time="1">
	</testcase>
	
	
	<testcase classname="xfstests.global" name="generic/439" time="1">
	</testcase>
	
	
	<testcase classname="xfstests.global" name="generic/440" time="2">
	</testcase>
	
	
	<testcase classname="xfstests.global" name="generic/441" time="1">
	</testcase>
	
	
	<testcase classname="xfstests.global" name="generic/443" time="1">
	</testcase>
	
	
	<testcase classname="xfstests.global" name="generic/444" time="1">
	</testcase>
	
	
	<testcase classname="xfstests.global" name="generic/445" time="0">
	</testcase>
	
	
	<testcase classname="xfstests.global" name="generic/446" time="12">
	</testcase>
	
	
	<testcase classname="xfstests.global" name="generic/448" time="1">
	</testcase>
	
	
	<testcase classname="xfstests.global" name="generic/449" time="4">
	</testcase>
	
	
	<testcase classname="xfstests.global" name="generic/450" time="0">
	</testcase>
	
	
	<testcase classname="xfstests.global" name="generic/451" time="31">
	</testcase>
	
	
	<testcase classname="xfstests.global" name="generic/452" time="1">
	</testcase>
	
	
	<testcase classname="xfstests.global" name="generic/453" time="1">
	</testcase>
	
	
	<testcase classname="xfstests.global" name="generic/454" time="2">
	</testcase>
	
	
	<testcase classname="xfstests.global" name="generic/456" time="1">
	</testcase>
	
	
	<testcase classname="xfstests.global" name="generic/460" time="5">
	</testcase>
	
	
	<testcase classname="xfstests.global" name="generic/462" time="1">
		
		
		<skipped message="mount /dev/vdc with dax failed"/>
		
	
	</testcase>
	
	
	<testcase classname="xfstests.global" name="generic/465" time="4">
	</testcase>
	
	
	<testcase classname="xfstests.global" name="generic/466" time="3">
	</testcase>
	
	
	<testcase classname="xfstests.global" name="generic/467" time="1">
	</testcase>
	
	
	<testcase classname="xfstests.global" name="generic/468" time="3">
	</testcase>
	
	
	<testcase classname="xfstests.global" name="generic/469" time="0">
	</testcase>
	
	
	<testcase classname="xfstests.global" name="generic/470" time="1">
		
		
		<skipped message="This test requires dm log-writes support"/>
		
	
	</testcase>
	
	
	<testcase classname="xfstests.global" name="generic/471" time="0">
		
		
		<skipped message="xfs_io pwrite doesn't support -N"/>
		
	
	</testcase>
	
	
	<testcase classname="xfstests.global" name="generic/472" time="1">
	</testcase>
	
	
	<testcase classname="xfstests.global" name="generic/474" time="2">
	</testcase>
	
	
	<testcase classname="xfstests.global" name="generic/477" time="1">
	</testcase>
	
	
	<testcase classname="xfstests.global" name="generic/478" time="2">
	</testcase>
	
	
	<testcase classname="xfstests.global" name="generic/479" time="2">
	</testcase>
	
	
	<testcase classname="xfstests.global" name="generic/480" time="1">
	</testcase>
	
	
	<testcase classname="xfstests.global" name="generic/481" time="1">
	</testcase>
	
	
	<testcase classname="xfstests.global" name="generic/483" time="3">
	</testcase>
	
	
	<testcase classname="xfstests.global" name="generic/485" time="2">
	</testcase>
	
	
	<testcase classname="xfstests.global" name="generic/486" time="0">
	</testcase>
	
	
	<testcase classname="xfstests.global" name="generic/487" time="1">
		
		
		<skipped message="This test requires a valid $SCRATCH_LOGDEV"/>
		
	
	</testcase>
	
	
	<testcase classname="xfstests.global" name="generic/488" time="1">
	</testcase>
	
	
	<testcase classname="xfstests.global" name="generic/489" time="4">
	</testcase>
	
	
	<testcase classname="xfstests.global" name="generic/490" time="0">
	</testcase>
	
	
	<testcase classname="xfstests.global" name="generic/491" time="1">
		
		
		<failure message="_check_dmesg: something found in dmesg (see /results/ext4/results-4k/generic/491.dmesg)" type="TestFail"/>
		
		
		<system-out>

Creating filesystem with 1310720 4k blocks and 327680 inodes
Filesystem UUID: 0e58f3f5-b60d-4230-9063-5202edea8909
Superblock backups stored on blocks: 
	32768, 98304, 163840, 229376, 294912, 819200, 884736

Allocating group tables:  0/40     done                            
Writing inode tables:  0/40     done                            
Creating journal (16384 blocks): done
Writing superblocks and filesystem accounting information:  0/40     done


		</system-out>
		
		
		<system-err>

[  777.954944] run fstests generic/491 at 2019-01-11 17:21:45
[  778.626381] EXT4-fs (vdc): mounted filesystem with ordered data mode. Opts: acl,user_xattr,block_validity
[  778.664480] EXT4-fs (vdc): mounted filesystem with ordered data mode. Opts: acl,user_xattr,block_validity
[  778.732517] ------------[ cut here ]------------
[  778.733419] WARNING: CPU: 0 PID: 215672 at fs/ext4/ext4_jbd2.c:53 ext4_journal_check_start+0x62/0x90
[  778.734843] Modules linked in:
[  778.735328] CPU: 0 PID: 215672 Comm: cat Not tainted 4.14.80-xfstests #13
[  778.736372] Hardware name: QEMU Standard PC (i440FX + PIIX, 1996), BIOS rel-1.11.1-0-g0551a4be2c-prebuilt.qemu-project.org 04/01/2014
[  778.738213] task: ffff880079348380 task.stack: ffffc90003118000
[  778.739129] RIP: 0010:ext4_journal_check_start+0x62/0x90
[  778.739953] RSP: 0018:ffffc9000311bc20 EFLAGS: 00010246
[  778.740759] RAX: 00000000fffffffb RBX: ffff88007736b000 RCX: 0000000000000000
[  778.741865] RDX: ffff8800770e6000 RSI: 00000000ffffffff RDI: 0000000000000246
[  778.742962] RBP: 0000000000000001 R08: 0000000000000000 R09: 0000000000000000
[  778.744055] R10: 0000000000000001 R11: 0000000000000000 R12: 0000000000000000
[  778.745158] R13: ffffffff81334c24 R14: ffff880078fdab50 R15: 0000000000000000
[  778.746247] FS:  00007f707173a700(0000) GS:ffff88007d200000(0000) knlGS:0000000000000000
[  778.747481] CS:  0010 DS: 0000 ES: 0000 CR0: 0000000080050033
[  778.748367] CR2: 00007f7071252b30 CR3: 0000000074652001 CR4: 00000000000606f0
[  778.749471] Call Trace:
[  778.749867]  __ext4_journal_start_sb+0x133/0x1f0
[  778.750585]  ext4_file_open+0x194/0x2a0
[  778.751193]  ? ext4_release_file+0xc0/0xc0
[  778.751839]  do_dentry_open+0x1f9/0x300
[  778.752448]  path_openat+0x271/0xba0
[  778.753057]  do_filp_open+0x8a/0xf0
[  778.753615]  ? __alloc_fd+0xe7/0x200
[  778.754191]  ? do_raw_spin_unlock+0x4a/0xc0
[  778.754846]  ? do_sys_open+0x11c/0x1f0
[  778.755432]  do_sys_open+0x11c/0x1f0
[  778.755998]  do_syscall_64+0x6f/0x1a0
[  778.756581]  entry_SYSCALL_64_after_hwframe+0x42/0xb7
[  778.757400] RIP: 0033:0x7f707125c4b0
[  778.757958] RSP: 002b:00007ffed7d64a88 EFLAGS: 00000246 ORIG_RAX: 0000000000000002
[  778.759119] RAX: ffffffffffffffda RBX: 0000000000000000 RCX: 00007f707125c4b0
[  778.760212] RDX: fffffffffffe1000 RSI: 0000000000000000 RDI: 00007ffed7d65fcf
[  778.761335] RBP: 0000000000001000 R08: 0000000000000000 R09: 0000000000001000
[  778.762421] R10: 000000000000069f R11: 0000000000000246 R12: 000055e992960570
[  778.763512] R13: 00007ffed7d64cf0 R14: 0000000000020000 R15: 0000000000000000
[  778.764611] Code: 75 23 f6 43 50 01 75 49 83 bb 28 03 00 00 04 74 1a 48 8b 82 80 03 00 00 48 85 c0 74 0a 48 8b 00 83 e0 02 75 0a 5b c3 31 c0 5b c3 &amp;lt;0f&amp;gt; 0b eb e2 48 89 df 48 c7 c1 77 ca 2e 82 ba 3d 00 00 00 48 c7 
[  778.767652] ---[ end trace 4b9ea3960b5d7a0e ]---
[  778.768391] ---[ now 2019-01-11 17:21:46+00 ]---
[  778.901793] EXT4-fs (vdc): mounted filesystem with ordered data mode. Opts: acl,user_xattr,block_validity

		</system-err>
		
	
	</testcase>
	
	
	<testcase classname="xfstests.global" name="generic/492" time="1">
		
		
		<skipped message="xfs_io label support is missing"/>
		
	
	</testcase>
	
	
	<testcase classname="xfstests.global" name="generic/493" time="1">
		
		
		<skipped message="Dedupe not supported by scratch filesystem type: ext4"/>
		
	
	</testcase>
	
	
	<testcase classname="xfstests.global" name="generic/494" time="1">
	</testcase>
	
	
	<testcase classname="xfstests.global" name="generic/495" time="1">
	</testcase>
	
	
	<testcase classname="xfstests.global" name="generic/496" time="2">
	</testcase>
	
	
	<testcase classname="xfstests.global" name="generic/497" time="1">
	</testcase>
	
	
	<testcase classname="xfstests.global" name="generic/498" time="1">
	</testcase>
	
	
	<testcase classname="xfstests.global" name="generic/499" time="0">
	</testcase>
	
	
	<testcase classname="xfstests.global" name="generic/502" time="2">
	</testcase>
	
	
	<testcase classname="xfstests.global" name="generic/503" time="5">
	</testcase>
	
	
	<testcase classname="xfstests.global" name="generic/504" time="0">
	</testcase>
	
	
	<testcase classname="xfstests.global" name="generic/505" time="1">
	</testcase>
	
	
	<testcase classname="xfstests.global" name="generic/506" time="1">
		
		
		<skipped message="Project quota not available on this ext4"/>
		
	
	</testcase>
	
	
	<testcase classname="xfstests.global" name="generic/507" time="2">
	</testcase>
	
	
	<testcase classname="xfstests.global" name="generic/508" time="2">
	</testcase>
	
	
	<testcase classname="xfstests.global" name="generic/509" time="1">
	</testcase>
	
	
	<testcase classname="xfstests.global" name="generic/510" time="1">
	</testcase>
	
	
	<testcase classname="xfstests.global" name="generic/511" time="2">
	</testcase>
	
	
	<testcase classname="xfstests.global" name="generic/512" time="1">
	</testcase>
	
	
	<testcase classname="xfstests.global" name="generic/519" time="1">
	</testcase>
	
	
	<testcase classname="xfstests.global" name="generic/520" time="11">
	</testcase>
	
	
	<testcase classname="xfstests.global" name="shared/001" time="0">
	</testcase>
	
	
	<testcase classname="xfstests.global" name="shared/002" time="1">
		
		
		<skipped message="not suitable for this filesystem type: ext4"/>
		
	
	</testcase>
	
	
	<testcase classname="xfstests.global" name="shared/003" time="0">
	</testcase>
	
	
	<testcase classname="xfstests.global" name="shared/004" time="2">
	</testcase>
	
	
	<testcase classname="xfstests.global" name="shared/032" time="0">
		
		
		<skipped message="not suitable for this filesystem type: ext4"/>
		
	
	</testcase>
	
	
	<testcase classname="xfstests.global" name="shared/289" time="1">
	</testcase>
	

</testsuite>
