<?xml version="1.0" encoding="utf-8"?>
<testsuite failures="16" hostname="kvm-xfstests" name="xfstests" skipped="95" tests="403" time="309" timestamp="2019-02-09T21:58:07">
	
	
	<properties>
		
		
		<property name="KERNEL" value="kernel 4.4.174+ #1 SMP Sat Feb 9 21:52:33 UTC 2019 x86_64"/>
		<property name="FSTESTVER" value="blktests 3c2a37f (Mon, 14 Jan 2019 13:07:16 -0800)"/>
		<property name="FSTESTVER" value="fio  fio-3.2 (Fri, 3 Nov 2017 15:23:49 -0600)"/>
		<property name="FSTESTVER" value="fsverity bdebc45 (Wed, 5 Sep 2018 21:32:22 -0700)"/>
		<property name="FSTESTVER" value="quota  59b280e (Mon, 5 Feb 2018 16:48:22 +0100)"/>
		<property name="FSTESTVER" value="xfsprogs v4.16.0 (Thu, 26 Apr 2018 15:13:34 -0500)"/>
		<property name="FSTESTVER" value="xfstests-bld acabd75 (Tue, 18 Dec 2018 22:12:14 -0500)"/>
		<property name="FSTESTVER" value="xfstests v1.1.0-2398-g8fc1e7c1 (Sat, 12 Jan 2019 15:44:04 +0800)"/>
		<property name="FSTESTCFG" value="4k"/>
		<property name="FSTESTSET" value="-g quick"/>
		<property name="FSTESTEXC" value="generic/494"/>
		<property name="FSTESTOPT" value="aex"/>
		<property name="MNTOPTS" value=""/>
		<property name="CPUS" value="2"/>
		<property name="MEM" value="2000.37"/>
		<property name="TESTCFG" value="ext4/4k"/>
	</properties>
	
	
	<testcase classname="xfstests.global" name="ext4/001" time="1">
	</testcase>
	
	
	<testcase classname="xfstests.global" name="ext4/002" time="1">
	</testcase>
	
	
	<testcase classname="xfstests.global" name="ext4/003" time="0">
	</testcase>
	
	
	<testcase classname="xfstests.global" name="ext4/005" time="1">
	</testcase>
	
	
	<testcase classname="xfstests.global" name="ext4/020" time="0">
	</testcase>
	
	
	<testcase classname="xfstests.global" name="ext4/021" time="11">
	</testcase>
	
	
	<testcase classname="xfstests.global" name="ext4/022" time="1">
	</testcase>
	
	
	<testcase classname="xfstests.global" name="ext4/023" time="0">
		
		
		<skipped message="No online scrub program for ext4."/>
		
	
	</testcase>
	
	
	<testcase classname="xfstests.global" name="ext4/024" time="1">
		
		
		<failure message="- output mismatch (see /results/ext4/results-4k/ext4/024.out.bad)" type="TestFail"/>
		
		
		<system-out>

Creating filesystem with 1310720 4k blocks and 327680 inodes
Filesystem UUID: cb2c1364-7ec9-4f8e-a465-e8366d8bcd77
Superblock backups stored on blocks: 
	32768, 98304, 163840, 229376, 294912, 819200, 884736

Allocating group tables:  0/40     done                            
Writing inode tables:  0/40     done                            
Creating journal (16384 blocks): done
Writing superblocks and filesystem accounting information:  0/40     done

552150922
Creating filesystem with 1310720 4k blocks and 327680 inodes
Filesystem UUID: dfbd3173-c1f3-4bfe-a692-86bfce0852d6
Superblock backups stored on blocks: 
	32768, 98304, 163840, 229376, 294912, 819200, 884736

Allocating group tables:  0/40     done                            
Writing inode tables:  0/40     done                            
Creating journal (16384 blocks): done
Writing superblocks and filesystem accounting information:  0/40     done

258660150
debugfs 1.44.5 (15-Dec-2018)
set_super_value: Usage: set_super_value &amp;lt;field&amp;gt; &amp;lt;value&amp;gt;
	&amp;quot;set_super_value -l&amp;quot; will list the names of superblock fields
	which can be set.

		</system-out>
		
		
		<system-err>

--- tests/ext4/024.out	2018-12-19 03:12:14.000000000 +0000
+++ /results/ext4/results-4k/ext4/024.out.bad	2019-02-09 21:53:14.312000000 +0000
@@ -1,2 +1,4 @@
 QA output created by 024
+./tests/ext4/024: line 59: /vdc/edir/file: No such file or directory
+stat: cannot stat &amp;apos;/vdc/edir/file&amp;apos;: No such file or directory
 Didn&amp;apos;t crash!

		</system-err>
		
	
	</testcase>
	
	
	<testcase classname="xfstests.global" name="ext4/025" time="0">
	</testcase>
	
	
	<testcase classname="xfstests.global" name="ext4/026" time="0">
		
		
		<skipped message="Kernel doesn't support the ext4 feature(s): ea_inode"/>
		
	
	</testcase>
	
	
	<testcase classname="xfstests.global" name="ext4/027" time="1">
		
		
		<skipped message="xfs_io fsmap support is missing"/>
		
	
	</testcase>
	
	
	<testcase classname="xfstests.global" name="ext4/028" time="0">
		
		
		<skipped message="xfs_io fsmap support is missing"/>
		
	
	</testcase>
	
	
	<testcase classname="xfstests.global" name="ext4/029" time="0">
		
		
		<skipped message="This test requires a valid $SCRATCH_LOGDEV"/>
		
	
	</testcase>
	
	
	<testcase classname="xfstests.global" name="ext4/030" time="0">
		
		
		<skipped message="mount /dev/vdc with dax failed"/>
		
	
	</testcase>
	
	
	<testcase classname="xfstests.global" name="ext4/031" time="0">
		
		
		<skipped message="mount /dev/vdc with dax failed"/>
		
	
	</testcase>
	
	
	<testcase classname="xfstests.global" name="ext4/032" time="1">
		
		
		<skipped message="online resizing not supported with bigalloc"/>
		
	
	</testcase>
	
	
	<testcase classname="xfstests.global" name="ext4/034" time="0">
		
		
		<failure message="- output mismatch (see /results/ext4/results-4k/ext4/034.out.bad)" type="TestFail"/>
		
		
		<system-out>

mount: mount /dev/vdc on /vdc failed: No such process
mount failed
(see /results/ext4/results-4k/ext4/034.full for details)

		</system-out>
		
		
		<system-err>

--- tests/ext4/034.out	2018-12-19 03:12:14.000000000 +0000
+++ /results/ext4/results-4k/ext4/034.out.bad	2019-02-09 21:53:16.716000000 +0000
@@ -1,8 +1,2 @@
 QA output created by 034
 Format and mount
-Create the original file
-Set hard quota
-Create 2 level extent tree (btree) for foobar with a unwritten extent
-Convert unwritten extent to written and collapse extent tree to inode
-Create a new file and do fsync to force a jbd2 commit
-sync SCRATCH_MNT to writeback

		</system-err>
		
	
	</testcase>
	
	
	<testcase classname="xfstests.global" name="ext4/271" time="1">
	</testcase>
	
	
	<testcase classname="xfstests.global" name="ext4/306" time="1">
	</testcase>
	
	
	<testcase classname="xfstests.global" name="ext4/308" time="3">
	</testcase>
	
	
	<testcase classname="xfstests.global" name="generic/001" time="2">
	</testcase>
	
	
	<testcase classname="xfstests.global" name="generic/002" time="0">
	</testcase>
	
	
	<testcase classname="xfstests.global" name="generic/003" time="10">
	</testcase>
	
	
	<testcase classname="xfstests.global" name="generic/004" time="0">
	</testcase>
	
	
	<testcase classname="xfstests.global" name="generic/005" time="0">
	</testcase>
	
	
	<testcase classname="xfstests.global" name="generic/006" time="1">
	</testcase>
	
	
	<testcase classname="xfstests.global" name="generic/007" time="0">
	</testcase>
	
	
	<testcase classname="xfstests.global" name="generic/008" time="1">
	</testcase>
	
	
	<testcase classname="xfstests.global" name="generic/009" time="0">
	</testcase>
	
	
	<testcase classname="xfstests.global" name="generic/011" time="1">
	</testcase>
	
	
	<testcase classname="xfstests.global" name="generic/012" time="0">
	</testcase>
	
	
	<testcase classname="xfstests.global" name="generic/013" time="2">
	</testcase>
	
	
	<testcase classname="xfstests.global" name="generic/014" time="0">
	</testcase>
	
	
	<testcase classname="xfstests.global" name="generic/015" time="1">
	</testcase>
	
	
	<testcase classname="xfstests.global" name="generic/016" time="0">
	</testcase>
	
	
	<testcase classname="xfstests.global" name="generic/018" time="1">
	</testcase>
	
	
	<testcase classname="xfstests.global" name="generic/020" time="1">
	</testcase>
	
	
	<testcase classname="xfstests.global" name="generic/021" time="0">
	</testcase>
	
	
	<testcase classname="xfstests.global" name="generic/022" time="0">
	</testcase>
	
	
	<testcase classname="xfstests.global" name="generic/023" time="1">
	</testcase>
	
	
	<testcase classname="xfstests.global" name="generic/024" time="0">
	</testcase>
	
	
	<testcase classname="xfstests.global" name="generic/025" time="1">
	</testcase>
	
	
	<testcase classname="xfstests.global" name="generic/026" time="0">
		
		
		<skipped message="ext4 does not define maximum ACL count"/>
		
	
	</testcase>
	
	
	<testcase classname="xfstests.global" name="generic/028" time="5">
	</testcase>
	
	
	<testcase classname="xfstests.global" name="generic/029" time="1">
	</testcase>
	
	
	<testcase classname="xfstests.global" name="generic/030" time="0">
	</testcase>
	
	
	<testcase classname="xfstests.global" name="generic/031" time="1">
	</testcase>
	
	
	<testcase classname="xfstests.global" name="generic/032" time="4">
	</testcase>
	
	
	<testcase classname="xfstests.global" name="generic/033" time="0">
	</testcase>
	
	
	<testcase classname="xfstests.global" name="generic/034" time="0">
		
		
		<skipped message="This test requires dm flakey support"/>
		
	
	</testcase>
	
	
	<testcase classname="xfstests.global" name="generic/035" time="1">
	</testcase>
	
	
	<testcase classname="xfstests.global" name="generic/037" time="5">
	</testcase>
	
	
	<testcase classname="xfstests.global" name="generic/039" time="0">
		
		
		<skipped message="This test requires dm flakey support"/>
		
	
	</testcase>
	
	
	<testcase classname="xfstests.global" name="generic/040" time="0">
		
		
		<skipped message="This test requires dm flakey support"/>
		
	
	</testcase>
	
	
	<testcase classname="xfstests.global" name="generic/041" time="0">
		
		
		<skipped message="This test requires dm flakey support"/>
		
	
	</testcase>
	
	
	<testcase classname="xfstests.global" name="generic/050" time="1">
		
		
		<skipped message="ext4 does not support shutdown"/>
		
	
	</testcase>
	
	
	<testcase classname="xfstests.global" name="generic/052" time="0">
		
		
		<skipped message="ext4 does not support shutdown"/>
		
	
	</testcase>
	
	
	<testcase classname="xfstests.global" name="generic/053" time="0">
	</testcase>
	
	
	<testcase classname="xfstests.global" name="generic/056" time="0">
		
		
		<skipped message="This test requires dm flakey support"/>
		
	
	</testcase>
	
	
	<testcase classname="xfstests.global" name="generic/057" time="0">
		
		
		<skipped message="This test requires dm flakey support"/>
		
	
	</testcase>
	
	
	<testcase classname="xfstests.global" name="generic/058" time="0">
	</testcase>
	
	
	<testcase classname="xfstests.global" name="generic/059" time="0">
		
		
		<skipped message="This test requires dm flakey support"/>
		
	
	</testcase>
	
	
	<testcase classname="xfstests.global" name="generic/060" time="0">
	</testcase>
	
	
	<testcase classname="xfstests.global" name="generic/061" time="0">
	</testcase>
	
	
	<testcase classname="xfstests.global" name="generic/062" time="1">
	</testcase>
	
	
	<testcase classname="xfstests.global" name="generic/063" time="1">
	</testcase>
	
	
	<testcase classname="xfstests.global" name="generic/064" time="1">
	</testcase>
	
	
	<testcase classname="xfstests.global" name="generic/065" time="0">
		
		
		<skipped message="This test requires dm flakey support"/>
		
	
	</testcase>
	
	
	<testcase classname="xfstests.global" name="generic/066" time="0">
		
		
		<skipped message="This test requires dm flakey support"/>
		
	
	</testcase>
	
	
	<testcase classname="xfstests.global" name="generic/067" time="0">
	</testcase>
	
	
	<testcase classname="xfstests.global" name="generic/069" time="6">
	</testcase>
	
	
	<testcase classname="xfstests.global" name="generic/070" time="1">
	</testcase>
	
	
	<testcase classname="xfstests.global" name="generic/071" time="0">
	</testcase>
	
	
	<testcase classname="xfstests.global" name="generic/073" time="0">
		
		
		<skipped message="This test requires dm flakey support"/>
		
	
	</testcase>
	
	
	<testcase classname="xfstests.global" name="generic/075" time="2">
	</testcase>
	
	
	<testcase classname="xfstests.global" name="generic/076" time="1">
	</testcase>
	
	
	<testcase classname="xfstests.global" name="generic/078" time="0">
	</testcase>
	
	
	<testcase classname="xfstests.global" name="generic/079" time="1">
	</testcase>
	
	
	<testcase classname="xfstests.global" name="generic/080" time="2">
	</testcase>
	
	
	<testcase classname="xfstests.global" name="generic/081" time="2">
		
		
		<skipped message="This test requires dm snapshot support"/>
		
	
	</testcase>
	
	
	<testcase classname="xfstests.global" name="generic/082" time="1">
		
		
		<failure message="- output mismatch (see /results/ext4/results-4k/generic/082.out.bad)" type="TestFail"/>
		
		
		<system-out>

Creating filesystem with 1310720 4k blocks and 327680 inodes
Filesystem UUID: bbce1314-07cf-4729-a448-41fddab80515
Superblock backups stored on blocks: 
	32768, 98304, 163840, 229376, 294912, 819200, 884736

Allocating group tables:  0/40     done                            
Writing inode tables:  0/40     done                            
Creating journal (16384 blocks): done
Writing superblocks and filesystem accounting information:  0/40     done

quotaon: using /vdc/aquota.group on /dev/vdc [/vdc]: No such process
quotaon: Quota format not supported in kernel.
quotaon: using /vdc/aquota.user on /dev/vdc [/vdc]: No such process
quotaon: Quota format not supported in kernel.
mount: /vdc not mounted or bad option

       In some cases useful info is found in syslog - try
       dmesg | tail or so.

		</system-out>
		
		
		<system-err>

--- tests/generic/082.out	2018-12-19 03:12:14.000000000 +0000
+++ /results/ext4/results-4k/generic/082.out.bad	2019-02-09 21:54:22.028000000 +0000
@@ -1,3 +1,3 @@
 QA output created by 082
-group quota on SCRATCH_MNT (SCRATCH_DEV) is on
-user quota on SCRATCH_MNT (SCRATCH_DEV) is on
+group quota on SCRATCH_MNT (SCRATCH_DEV) is off
+user quota on SCRATCH_MNT (SCRATCH_DEV) is off

		</system-err>
		
	
	</testcase>
	
	
	<testcase classname="xfstests.global" name="generic/084" time="5">
	</testcase>
	
	
	<testcase classname="xfstests.global" name="generic/086" time="0">
	</testcase>
	
	
	<testcase classname="xfstests.global" name="generic/087" time="1">
	</testcase>
	
	
	<testcase classname="xfstests.global" name="generic/088" time="0">
	</testcase>
	
	
	<testcase classname="xfstests.global" name="generic/090" time="0">
		
		
		<skipped message="This test requires dm flakey support"/>
		
	
	</testcase>
	
	
	<testcase classname="xfstests.global" name="generic/091" time="3">
	</testcase>
	
	
	<testcase classname="xfstests.global" name="generic/092" time="0">
	</testcase>
	
	
	<testcase classname="xfstests.global" name="generic/094" time="4">
	</testcase>
	
	
	<testcase classname="xfstests.global" name="generic/096" time="0">
	</testcase>
	
	
	<testcase classname="xfstests.global" name="generic/097" time="1">
	</testcase>
	
	
	<testcase classname="xfstests.global" name="generic/098" time="0">
	</testcase>
	
	
	<testcase classname="xfstests.global" name="generic/099" time="1">
	</testcase>
	
	
	<testcase classname="xfstests.global" name="generic/101" time="0">
		
		
		<skipped message="This test requires dm flakey support"/>
		
	
	</testcase>
	
	
	<testcase classname="xfstests.global" name="generic/103" time="1">
	</testcase>
	
	
	<testcase classname="xfstests.global" name="generic/104" time="0">
		
		
		<skipped message="This test requires dm flakey support"/>
		
	
	</testcase>
	
	
	<testcase classname="xfstests.global" name="generic/105" time="0">
	</testcase>
	
	
	<testcase classname="xfstests.global" name="generic/106" time="0">
		
		
		<skipped message="This test requires dm flakey support"/>
		
	
	</testcase>
	
	
	<testcase classname="xfstests.global" name="generic/107" time="1">
		
		
		<skipped message="This test requires dm flakey support"/>
		
	
	</testcase>
	
	
	<testcase classname="xfstests.global" name="generic/108" time="0">
		
		
		<skipped message="scsi_debug module not found"/>
		
	
	</testcase>
	
	
	<testcase classname="xfstests.global" name="generic/112" time="2">
	</testcase>
	
	
	<testcase classname="xfstests.global" name="generic/113" time="2">
	</testcase>
	
	
	<testcase classname="xfstests.global" name="generic/114" time="2">
	</testcase>
	
	
	<testcase classname="xfstests.global" name="generic/117" time="1">
	</testcase>
	
	
	<testcase classname="xfstests.global" name="generic/120" time="15">
	</testcase>
	
	
	<testcase classname="xfstests.global" name="generic/123" time="1">
	</testcase>
	
	
	<testcase classname="xfstests.global" name="generic/124" time="1">
	</testcase>
	
	
	<testcase classname="xfstests.global" name="generic/126" time="1">
	</testcase>
	
	
	<testcase classname="xfstests.global" name="generic/128" time="0">
	</testcase>
	
	
	<testcase classname="xfstests.global" name="generic/129" time="2">
	</testcase>
	
	
	<testcase classname="xfstests.global" name="generic/130" time="3">
	</testcase>
	
	
	<testcase classname="xfstests.global" name="generic/131" time="1">
	</testcase>
	
	
	<testcase classname="xfstests.global" name="generic/135" time="0">
	</testcase>
	
	
	<testcase classname="xfstests.global" name="generic/141" time="1">
	</testcase>
	
	
	<testcase classname="xfstests.global" name="generic/169" time="0">
	</testcase>
	
	
	<testcase classname="xfstests.global" name="generic/177" time="0">
		
		
		<skipped message="This test requires dm flakey support"/>
		
	
	</testcase>
	
	
	<testcase classname="xfstests.global" name="generic/184" time="1">
	</testcase>
	
	
	<testcase classname="xfstests.global" name="generic/193" time="0">
	</testcase>
	
	
	<testcase classname="xfstests.global" name="generic/198" time="0">
	</testcase>
	
	
	<testcase classname="xfstests.global" name="generic/207" time="1">
	</testcase>
	
	
	<testcase classname="xfstests.global" name="generic/210" time="0">
	</testcase>
	
	
	<testcase classname="xfstests.global" name="generic/211" time="1">
	</testcase>
	
	
	<testcase classname="xfstests.global" name="generic/212" time="0">
	</testcase>
	
	
	<testcase classname="xfstests.global" name="generic/213" time="0">
	</testcase>
	
	
	<testcase classname="xfstests.global" name="generic/214" time="1">
	</testcase>
	
	
	<testcase classname="xfstests.global" name="generic/215" time="2">
	</testcase>
	
	
	<testcase classname="xfstests.global" name="generic/219" time="0">
		
		
		<failure message="- output mismatch (see /results/ext4/results-4k/generic/219.out.bad)" type="TestFail"/>
		
		
		<system-out>

Creating filesystem with 1310720 4k blocks and 327680 inodes
Filesystem UUID: 45d6e636-a8dd-42e2-af1a-611afc34ad0a
Superblock backups stored on blocks: 
	32768, 98304, 163840, 229376, 294912, 819200, 884736

Allocating group tables:  0/40     done                            
Writing inode tables:  0/40     done                            
Creating journal (16384 blocks): done
Writing superblocks and filesystem accounting information:  0/40     done

quotaon: using /vdc/aquota.user on /dev/vdc [/vdc]: No such process
quotaon: Quota format not supported in kernel.
--- initiating parallel IO...
wrote 49152/49152 bytes at offset 0
48 KiB, 12 ops; 0.0000 sec (837.054 MiB/sec and 214285.7143 ops/sec)
wrote 49152/49152 bytes at offset 0
48 KiB, 12 ops; 0.0014 sec (31.780 MiB/sec and 8135.5932 ops/sec)
--- completed parallel IO (u)
quotaon: using /vdc/aquota.group on /dev/vdc [/vdc]: No such process
quotaon: Quota format not supported in kernel.
--- initiating parallel IO...
wrote 49152/49152 bytes at offset 0
48 KiB, 12 ops; 0.0000 sec (1.116 GiB/sec and 292682.9268 ops/sec)
wrote 49152/49152 bytes at offset 0
48 KiB, 12 ops; 0.0011 sec (39.160 MiB/sec and 10025.0627 ops/sec)
--- completed parallel IO (g)

		</system-out>
		
		
		<system-err>

--- tests/generic/219.out	2018-12-19 03:12:14.000000000 +0000
+++ /results/ext4/results-4k/generic/219.out.bad	2019-02-09 21:55:17.840000000 +0000
@@ -16,7 +16,9 @@
   Size: 49152        Filetype: Regular File
   File: &amp;quot;SCRATCH_MNT/mmap&amp;quot;
   Size: 49152        Filetype: Regular File
-Usage OK (type=u)
+./tests/generic/219: line 49: [: : integer expression expected
+./tests/generic/219: line 52: [: : integer expression expected
+Bad number of inodes used (type=u)
 
 ### test group accounting
 

		</system-err>
		
	
	</testcase>
	
	
	<testcase classname="xfstests.global" name="generic/221" time="2">
	</testcase>
	
	
	<testcase classname="xfstests.global" name="generic/225" time="4">
	</testcase>
	
	
	<testcase classname="xfstests.global" name="generic/228" time="1">
	</testcase>
	
	
	<testcase classname="xfstests.global" name="generic/230" time="12">
		
		
		<failure message="- output mismatch (see /results/ext4/results-4k/generic/230.out.bad)" type="TestFail"/>
		
		
		<system-out>

MOUNT_OPTIONS = -o acl,user_xattr -o block_validity -o defaults
Creating filesystem with 1310720 4k blocks and 327680 inodes
Filesystem UUID: 808b28d9-6302-41a9-9903-a13941960774
Superblock backups stored on blocks: 
	32768, 98304, 163840, 229376, 294912, 819200, 884736

Allocating group tables:  0/40     done                            
Writing inode tables:  0/40     done                            
Creating journal (16384 blocks): done
Writing superblocks and filesystem accounting information:  0/40     done

--- initiating IO...
wrote 921600/921600 bytes at offset 0
900 KiB, 225 ops; 0.0006 sec (1.257 GiB/sec and 329428.9898 ops/sec)
*** Report for user quotas on device /dev/vdc
Block grace time: 00:00; Inode grace time: 00:00
                        Block limits                File limits
User            used    soft    hard  grace    used  soft  hard  grace
----------------------------------------------------------------------


wrote 1024001/1024001 bytes at offset 0
1000 KiB, 251 ops; 0.0006 sec (1.587 GiB/sec and 417637.2712 ops/sec)
*** Report for user quotas on device /dev/vdc
Block grace time: 00:00; Inode grace time: 00:00
                        Block limits                File limits
User            used    soft    hard  grace    used  soft  hard  grace
----------------------------------------------------------------------


wrote 1024000/1024000 bytes at offset 0
1000 KiB, 250 ops; 0.0008 sec (1.191 GiB/sec and 312109.8627 ops/sec)
*** Report for user quotas on device /dev/vdc
Block grace time: 00:00; Inode grace time: 00:00
                        Block limits                File limits
User            used    soft    hard  grace    used  soft  hard  grace
----------------------------------------------------------------------


wrote 4096/4096 bytes at offset 0
4 KiB, 1 ops; 0.0000 sec (279.018 MiB/sec and 71428.5714 ops/sec)
*** Report for user quotas on device /dev/vdc
Block grace time: 00:00; Inode grace time: 00:00
                        Block limits                File limits
User            used    soft    hard  grace    used  soft  hard  grace
----------------------------------------------------------------------


*** Report for user quotas on device /dev/vdc
Block grace time: 00:00; Inode grace time: 00:00
                        Block limits                File limits
User            used    soft    hard  grace    used  soft  hard  grace
----------------------------------------------------------------------


*** Report for user quotas on device /dev/vdc
Block grace time: 00:00; Inode grace time: 00:00
                        Block limits                File limits
User            used    soft    hard  grace    used  soft  hard  grace
----------------------------------------------------------------------


*** Report for user quotas on device /dev/vdc
Block grace time: 00:00; Inode grace time: 00:00
                        Block limits                File limits
User            used    soft    hard  grace    used  soft  hard  grace
----------------------------------------------------------------------


--- completed IO (u)
--- initiating IO...
wrote 921600/921600 bytes at offset 0
900 KiB, 225 ops; 0.0006 sec (1.378 GiB/sec and 361155.6982 ops/sec)
*** Report for group quotas on device /dev/vdc
Block grace time: 00:00; Inode grace time: 00:00
                        Block limits                File limits
Group           used    soft    hard  grace    used  soft  hard  grace
----------------------------------------------------------------------


wrote 1024001/1024001 bytes at offset 0
1000 KiB, 251 ops; 0.0004 sec (1.979 GiB/sec and 520746.8880 ops/sec)
*** Report for group quotas on device /dev/vdc
Block grace time: 00:00; Inode grace time: 00:00
                        Block limits                File limits
Group           used    soft    hard  grace    used  soft  hard  grace
----------------------------------------------------------------------


wrote 1024000/1024000 bytes at offset 0
1000 KiB, 250 ops; 0.0007 sec (1.255 GiB/sec and 328947.3684 ops/sec)
*** Report for group quotas on device /dev/vdc
Block grace time: 00:00; Inode grace time: 00:00
                        Block limits                File limits
Group           used    soft    hard  grace    used  soft  hard  grace
----------------------------------------------------------------------


wrote 4096/4096 bytes at offset 0
4 KiB, 1 ops; 0.0000 sec (260.417 MiB/sec and 66666.6667 ops/sec)
*** Report for group quotas on device /dev/vdc
Block grace time: 00:00; Inode grace time: 00:00
                        Block limits                File limits
Group           used    soft    hard  grace    used  soft  hard  grace
----------------------------------------------------------------------


*** Report for group quotas on device /dev/vdc
Block grace time: 00:00; Inode grace time: 00:00
                        Block limits                File limits
Group           used    soft    hard  grace    used  soft  hard  grace
----------------------------------------------------------------------


*** Report for group quotas on device /dev/vdc
Block grace time: 00:00; Inode grace time: 00:00
                        Block limits                File limits
Group           used    soft    hard  grace    used  soft  hard  grace
----------------------------------------------------------------------


*** Report for group quotas on device /dev/vdc
Block grace time: 00:00; Inode grace time: 00:00
                        Block limits                File limits
Group           used    soft    hard  grace    used  soft  hard  grace
----------------------------------------------------------------------


--- completed IO (g)

		</system-out>
		
		
		<system-err>

--- tests/generic/230.out	2018-12-19 03:12:14.000000000 +0000
+++ /results/ext4/results-4k/generic/230.out.bad	2019-02-09 21:55:36.664000000 +0000
@@ -7,14 +7,10 @@
 Write 225 blocks...
 Rewrite 250 blocks plus 1 byte...
 Write 250 blocks...
-pwrite: Disk quota exceeded
 Write 1 block...
-pwrite: Disk quota exceeded
 Touch 3+4
 Touch 5+6
-touch: cannot touch &amp;apos;SCRATCH_MNT/file6&amp;apos;: Disk quota exceeded
 Touch 5
-touch: cannot touch &amp;apos;SCRATCH_MNT/file5&amp;apos;: Disk quota exceeded
 
 ### test group limit enforcement
 
@@ -23,11 +19,7 @@
 Write 225 blocks...
 Rewrite 250 blocks plus 1 byte...
 Write 250 blocks...
-pwrite: Disk quota exceeded
 Write 1 block...
-pwrite: Disk quota exceeded
 Touch 3+4
 Touch 5+6
-touch: cannot touch &amp;apos;SCRATCH_MNT/file6&amp;apos;: Disk quota exceeded
 Touch 5
-touch: cannot touch &amp;apos;SCRATCH_MNT/file5&amp;apos;: Disk quota exceeded

		</system-err>
		
	
	</testcase>
	
	
	<testcase classname="xfstests.global" name="generic/235" time="1">
		
		
		<failure message="- output mismatch (see /results/ext4/results-4k/generic/235.out.bad)" type="TestFail"/>
		
		
		<system-out>

Creating filesystem with 1310720 4k blocks and 327680 inodes
Filesystem UUID: eb296559-4e11-4d5c-8cca-840bccc17c06
Superblock backups stored on blocks: 
	32768, 98304, 163840, 229376, 294912, 819200, 884736

Allocating group tables:  0/40     done                            
Writing inode tables:  0/40     done                            
Creating journal (16384 blocks): done
Writing superblocks and filesystem accounting information:  0/40     done

touch: cannot touch &amp;apos;/vdc/failed&amp;apos;: Read-only file system
wrote 65536/65536 bytes at offset 0
64 KiB, 16 ops; 0.0001 sec (456.204 MiB/sec and 116788.3212 ops/sec)

		</system-out>
		
		
		<system-err>

--- tests/generic/235.out	2018-12-19 03:12:14.000000000 +0000
+++ /results/ext4/results-4k/generic/235.out.bad	2019-02-09 21:55:37.052000000 +0000
@@ -4,23 +4,19 @@
                         Block limits                File limits
 User            used    soft    hard  grace    used  soft  hard  grace
 ----------------------------------------------------------------------
-fsgqa     --       0       0       0              1     0     0       
 *** Report for group quotas on device SCRATCH_DEV
 Block grace time: 7days; Inode grace time: 7days
                         Block limits                File limits
 Group           used    soft    hard  grace    used  soft  hard  grace
 ----------------------------------------------------------------------
-fsgqa     --       0       0       0              1     0     0       
 touch: cannot touch &amp;apos;SCRATCH_MNT/failed&amp;apos;: Read-only file system
 *** Report for user quotas on device SCRATCH_DEV
 Block grace time: 7days; Inode grace time: 7days
                         Block limits                File limits
 User            used    soft    hard  grace    used  soft  hard  grace
 ----------------------------------------------------------------------
-fsgqa     --      64       0       0              1     0     0       
 *** Report for group quotas on device SCRATCH_DEV
 Block grace time: 7days; Inode grace time: 7days
                         Block limits                File limits
 Group           used    soft    hard  grace    used  soft  hard  grace
 ----------------------------------------------------------------------
-fsgqa     --      64       0       0              1     0     0       

		</system-err>
		
	
	</testcase>
	
	
	<testcase classname="xfstests.global" name="generic/236" time="1">
	</testcase>
	
	
	<testcase classname="xfstests.global" name="generic/237" time="0">
	</testcase>
	
	
	<testcase classname="xfstests.global" name="generic/240" time="0">
	</testcase>
	
	
	<testcase classname="xfstests.global" name="generic/244" time="1">
		
		
		<skipped message="No GETNEXTQUOTA support"/>
		
	
	</testcase>
	
	
	<testcase classname="xfstests.global" name="generic/245" time="0">
	</testcase>
	
	
	<testcase classname="xfstests.global" name="generic/246" time="0">
	</testcase>
	
	
	<testcase classname="xfstests.global" name="generic/247" time="2">
	</testcase>
	
	
	<testcase classname="xfstests.global" name="generic/248" time="1">
	</testcase>
	
	
	<testcase classname="xfstests.global" name="generic/249" time="0">
	</testcase>
	
	
	<testcase classname="xfstests.global" name="generic/250" time="1">
	</testcase>
	
	
	<testcase classname="xfstests.global" name="generic/252" time="1">
		
		
		<failure message="- output mismatch (see /results/ext4/results-4k/generic/252.out.bad)" type="TestFail"/>
		
		
		<system-out>

mke2fs 1.44.5 (15-Dec-2018)
Creating filesystem with 25600 4k blocks and 25600 inodes

Allocating group tables: 0/1   done                            
Writing inode tables: 0/1   done                            
Creating journal (1024 blocks): done
Writing superblocks and filesystem accounting information: 0/1   done

device-mapper: remove ioctl on error-test failed: No such device or address
Command failed
wrote 1/1 bytes at offset 8388608
1.000000 bytes, 1 ops; 0.0000 sec (81.380 KiB/sec and 83333.3333 ops/sec)
wrote 41943040/41943040 bytes at offset 0
40 MiB, 5 ops; 0.0267 sec (1.463 GiB/sec and 187.2098 ops/sec)
fsck from util-linux 2.29.2
e2fsck 1.44.5 (15-Dec-2018)
/dev/vdc: clean, 13/25600 files, 12087/25600 blocks
device-mapper: remove ioctl on error-test failed: No such device or address
Command failed

		</system-out>
		
		
		<system-err>

--- tests/generic/252.out	2018-12-19 03:12:14.000000000 +0000
+++ /results/ext4/results-4k/generic/252.out.bad	2019-02-09 21:55:44.140000000 +0000
@@ -6,5 +6,5 @@
 CoW and unmount
 write missed bytes expect 8388608 got 0
 Compare files
-3ed86318f4ff8da26c1c2a6e3041f9be  SCRATCH_MNT/test-252/file2
+aebb5df7c5042d2114a08534a0921c39  SCRATCH_MNT/test-252/file2
 Check for damage

		</system-err>
		
	
	</testcase>
	
	
	<testcase classname="xfstests.global" name="generic/255" time="0">
	</testcase>
	
	
	<testcase classname="xfstests.global" name="generic/256" time="16">
	</testcase>
	
	
	<testcase classname="xfstests.global" name="generic/257" time="0">
	</testcase>
	
	
	<testcase classname="xfstests.global" name="generic/258" time="0">
	</testcase>
	
	
	<testcase classname="xfstests.global" name="generic/260" time="1">
		
		
		<skipped message="FITRIM not supported on /vdc"/>
		
	
	</testcase>
	
	
	<testcase classname="xfstests.global" name="generic/263" time="2">
	</testcase>
	
	
	<testcase classname="xfstests.global" name="generic/277" time="1">
	</testcase>
	
	
	<testcase classname="xfstests.global" name="generic/286" time="1">
	</testcase>
	
	
	<testcase classname="xfstests.global" name="generic/288" time="1">
		
		
		<skipped message="FITRIM not supported on /vdc"/>
		
	
	</testcase>
	
	
	<testcase classname="xfstests.global" name="generic/294" time="0">
	</testcase>
	
	
	<testcase classname="xfstests.global" name="generic/306" time="1">
	</testcase>
	
	
	<testcase classname="xfstests.global" name="generic/307" time="1">
	</testcase>
	
	
	<testcase classname="xfstests.global" name="generic/308" time="0">
	</testcase>
	
	
	<testcase classname="xfstests.global" name="generic/309" time="2">
	</testcase>
	
	
	<testcase classname="xfstests.global" name="generic/312" time="0">
	</testcase>
	
	
	<testcase classname="xfstests.global" name="generic/313" time="4">
	</testcase>
	
	
	<testcase classname="xfstests.global" name="generic/314" time="0">
	</testcase>
	
	
	<testcase classname="xfstests.global" name="generic/315" time="1">
	</testcase>
	
	
	<testcase classname="xfstests.global" name="generic/316" time="0">
	</testcase>
	
	
	<testcase classname="xfstests.global" name="generic/317" time="1">
	</testcase>
	
	
	<testcase classname="xfstests.global" name="generic/318" time="0">
	</testcase>
	
	
	<testcase classname="xfstests.global" name="generic/319" time="1">
	</testcase>
	
	
	<testcase classname="xfstests.global" name="generic/321" time="0">
		
		
		<skipped message="This test requires dm flakey support"/>
		
	
	</testcase>
	
	
	<testcase classname="xfstests.global" name="generic/322" time="0">
		
		
		<skipped message="This test requires dm flakey support"/>
		
	
	</testcase>
	
	
	<testcase classname="xfstests.global" name="generic/324" time="8">
	</testcase>
	
	
	<testcase classname="xfstests.global" name="generic/325" time="0">
		
		
		<skipped message="This test requires dm flakey support"/>
		
	
	</testcase>
	
	
	<testcase classname="xfstests.global" name="generic/335" time="0">
		
		
		<skipped message="This test requires dm flakey support"/>
		
	
	</testcase>
	
	
	<testcase classname="xfstests.global" name="generic/336" time="0">
		
		
		<skipped message="This test requires dm flakey support"/>
		
	
	</testcase>
	
	
	<testcase classname="xfstests.global" name="generic/337" time="0">
	</testcase>
	
	
	<testcase classname="xfstests.global" name="generic/338" time="1">
	</testcase>
	
	
	<testcase classname="xfstests.global" name="generic/341" time="0">
		
		
		<skipped message="This test requires dm flakey support"/>
		
	
	</testcase>
	
	
	<testcase classname="xfstests.global" name="generic/342" time="0">
		
		
		<skipped message="This test requires dm flakey support"/>
		
	
	</testcase>
	
	
	<testcase classname="xfstests.global" name="generic/343" time="1">
		
		
		<skipped message="This test requires dm flakey support"/>
		
	
	</testcase>
	
	
	<testcase classname="xfstests.global" name="generic/346" time="1">
	</testcase>
	
	
	<testcase classname="xfstests.global" name="generic/347" time="1">
		
		
		<skipped message="This test requires dm thin-pool support"/>
		
	
	</testcase>
	
	
	<testcase classname="xfstests.global" name="generic/348" time="0">
		
		
		<skipped message="This test requires dm flakey support"/>
		
	
	</testcase>
	
	
	<testcase classname="xfstests.global" name="generic/355" time="0">
	</testcase>
	
	
	<testcase classname="xfstests.global" name="generic/360" time="0">
	</testcase>
	
	
	<testcase classname="xfstests.global" name="generic/361" time="2">
	</testcase>
	
	
	<testcase classname="xfstests.global" name="generic/362" time="0">
		
		
		<skipped message="can't mkfs ext4 with option -O richacl"/>
		
	
	</testcase>
	
	
	<testcase classname="xfstests.global" name="generic/363" time="0">
		
		
		<skipped message="can't mkfs ext4 with option -O richacl"/>
		
	
	</testcase>
	
	
	<testcase classname="xfstests.global" name="generic/364" time="0">
		
		
		<skipped message="can't mkfs ext4 with option -O richacl"/>
		
	
	</testcase>
	
	
	<testcase classname="xfstests.global" name="generic/365" time="1">
		
		
		<skipped message="can't mkfs ext4 with option -O richacl"/>
		
	
	</testcase>
	
	
	<testcase classname="xfstests.global" name="generic/366" time="0">
		
		
		<skipped message="can't mkfs ext4 with option -O richacl"/>
		
	
	</testcase>
	
	
	<testcase classname="xfstests.global" name="generic/367" time="0">
		
		
		<skipped message="can't mkfs ext4 with option -O richacl"/>
		
	
	</testcase>
	
	
	<testcase classname="xfstests.global" name="generic/368" time="0">
		
		
		<skipped message="can't mkfs ext4 with option -O richacl"/>
		
	
	</testcase>
	
	
	<testcase classname="xfstests.global" name="generic/369" time="0">
		
		
		<skipped message="can't mkfs ext4 with option -O richacl"/>
		
	
	</testcase>
	
	
	<testcase classname="xfstests.global" name="generic/370" time="0">
		
		
		<skipped message="can't mkfs ext4 with option -O richacl"/>
		
	
	</testcase>
	
	
	<testcase classname="xfstests.global" name="generic/371" time="8">
	</testcase>
	
	
	<testcase classname="xfstests.global" name="generic/375" time="1">
	</testcase>
	
	
	<testcase classname="xfstests.global" name="generic/376" time="0">
		
		
		<skipped message="This test requires dm flakey support"/>
		
	
	</testcase>
	
	
	<testcase classname="xfstests.global" name="generic/377" time="0">
	</testcase>
	
	
	<testcase classname="xfstests.global" name="generic/378" time="0">
	</testcase>
	
	
	<testcase classname="xfstests.global" name="generic/379" time="1">
		
		
		<skipped message="No quota support at mount time"/>
		
	
	</testcase>
	
	
	<testcase classname="xfstests.global" name="generic/380" time="1">
	</testcase>
	
	
	<testcase classname="xfstests.global" name="generic/381" time="1">
		
		
		<skipped message="123456-fsgqa user not defined."/>
		
	
	</testcase>
	
	
	<testcase classname="xfstests.global" name="generic/382" time="1">
		
		
		<failure message="- output mismatch (see /results/ext4/results-4k/generic/382.out.bad)" type="TestFail"/>
		
		
		<system-out>

MOUNT_OPTIONS = -o acl,user_xattr -o block_validity -o usrquota,grpquota
quotaon: using /vdc/aquota.group on /dev/vdc [/vdc]: No such process
quotaon: Quota format not supported in kernel.
quotaon: using /vdc/aquota.user on /dev/vdc [/vdc]: No such process
quotaon: Quota format not supported in kernel.
MOUNT_OPTIONS = -o acl,user_xattr -o block_validity -o grpquota,usrquota,grpquota,usrquota -o grpquota,usrquota
quotaon: using /vdc/aquota.group on /dev/vdc [/vdc]: No such process
quotaon: Quota format not supported in kernel.
quotaon: using /vdc/aquota.user on /dev/vdc [/vdc]: No such process
quotaon: Quota format not supported in kernel.

		</system-out>
		
		
		<system-err>

--- tests/generic/382.out	2018-12-19 03:12:14.000000000 +0000
+++ /results/ext4/results-4k/generic/382.out.bad	2019-02-09 21:56:46.020000000 +0000
@@ -1,25 +1,23 @@
 QA output created by 382
 === user quota test ===
+xfs_quota: cannot set limits: No such process
+xfs_quota: cannot set limits: No such process
 user blocks and inode limit
-fsgqa 0 40960 40960 00 [--------] 0 40 40 00 [--------]
 
 wrote 31457280/31457280 bytes at offset 0
 XXX Bytes, X ops; XX:XX:XX.X (XXX YYY/sec and XXX ops/sec)
 user blocks quota after write 30M data
-fsgqa 30720 40960 40960 00 [--------]
 
 user inode quota after creating 30 inodes
-fsgqa 30 40 40 00 [--------]
 
 === group quota test ===
+xfs_quota: cannot set limits: No such process
+xfs_quota: cannot set limits: No such process
 group blocks and inode limit
-fsgqa 0 40960 40960 00 [--------] 0 40 40 00 [--------]
 
 wrote 31457280/31457280 bytes at offset 0
 XXX Bytes, X ops; XX:XX:XX.X (XXX YYY/sec and XXX ops/sec)
 group blocks quota after write 30M data
-fsgqa 30720 40960 40960 00 [--------]
 
 group inode quota after creating 30 inodes
-fsgqa 30 40 40 00 [--------]
 

		</system-err>
		
	
	</testcase>
	
	
	<testcase classname="xfstests.global" name="generic/383" time="0">
		
		
		<skipped message="kernel doesn't support project feature on ext4"/>
		
	
	</testcase>
	
	
	<testcase classname="xfstests.global" name="generic/384" time="0">
		
		
		<skipped message="kernel doesn't support project feature on ext4"/>
		
	
	</testcase>
	
	
	<testcase classname="xfstests.global" name="generic/385" time="0">
		
		
		<skipped message="kernel doesn't support project feature on ext4"/>
		
	
	</testcase>
	
	
	<testcase classname="xfstests.global" name="generic/386" time="1">
		
		
		<skipped message="kernel doesn't support project feature on ext4"/>
		
	
	</testcase>
	
	
	<testcase classname="xfstests.global" name="generic/389" time="0">
	</testcase>
	
	
	<testcase classname="xfstests.global" name="generic/391" time="1">
	</testcase>
	
	
	<testcase classname="xfstests.global" name="generic/393" time="1">
	</testcase>
	
	
	<testcase classname="xfstests.global" name="generic/394" time="0">
	</testcase>
	
	
	<testcase classname="xfstests.global" name="generic/395" time="1">
	</testcase>
	
	
	<testcase classname="xfstests.global" name="generic/396" time="0">
	</testcase>
	
	
	<testcase classname="xfstests.global" name="generic/397" time="1">
		
		
		<failure message="- output mismatch (see /results/ext4/results-4k/generic/397.out.bad)" type="TestFail"/>
		
		
		<system-out>

Creating filesystem with 1310720 4k blocks and 327680 inodes
Filesystem UUID: 04b07422-5036-48fb-b77f-17a03292cd22
Superblock backups stored on blocks: 
	32768, 98304, 163840, 229376, 294912, 819200, 884736

Allocating group tables:  0/40     done                            
Writing inode tables:  0/40     done                            
Creating journal (16384 blocks): done
Writing superblocks and filesystem accounting information:  0/40     done

415988766
Creating filesystem with 1310720 4k blocks and 327680 inodes
Filesystem UUID: da30a64a-b013-44a2-8989-2aad6c16994d
Superblock backups stored on blocks: 
	32768, 98304, 163840, 229376, 294912, 819200, 884736

Allocating group tables:  0/40     done                            
Writing inode tables:  0/40     done                            
Creating journal (16384 blocks): done
Writing superblocks and filesystem accounting information:  0/40     done

941938494
1 links removed

		</system-out>
		
		
		<system-err>

--- tests/generic/397.out	2018-12-19 03:12:14.000000000 +0000
+++ /results/ext4/results-4k/generic/397.out.bad	2019-02-09 21:56:51.512000000 +0000
@@ -1,9 +1,20 @@
 QA output created by 397
+touch: cannot touch &amp;apos;/vdc/edir/empty&amp;apos;: No such file or directory
+/vdc/edir/a: No such file or directory
+/vdc/edir/abcdefghijklmnopqrstuvwxyz: No such file or directory
+/vdc/edir/yyyyyyyyyyyyyyyyyyyyyyyyyyyyyyyyyyyyyyyyyyyyyyyyyyyyyyyyyyyyyyyyyyyyyyyyyyyyyyyyyyyyyyyyyyyyyyyyyyyyyyyyyyyyyyyyyyyyyyyyyyyyyyyyyyyyyyyyyyyyyyyyyyyyyyyyyyyyyyyyyyyyyyyyyyyyyyyyyyyyyyyyyyyyyyyyyyyyyyyyyyyyyyyyyyyyyyyyyyyyyyyyyyyyyyyyyyyyyyyyyyyyyyyyyyyyyyy: No such file or directory
+ln: failed to create symbolic link &amp;apos;/vdc/edir/symlink&amp;apos;: No such file or directory
+ln: failed to create symbolic link &amp;apos;/vdc/edir/symlink2&amp;apos;: No such file or directory
+ln: failed to create symbolic link &amp;apos;/vdc/edir/symlink3&amp;apos;: No such file or directory
+mkdir: cannot create directory &amp;apos;/vdc/edir/subdir&amp;apos;: No such file or directory
+mkdir: cannot create directory &amp;apos;/vdc/edir/subdir/subsubdir&amp;apos;: No such file or directory
+diff: /vdc/edir: Permission denied
+diff: /vdc/edir: Permission denied
 stat: cannot stat &amp;apos;SCRATCH_MNT/edir/empty&amp;apos;: No such file or directory
 stat: cannot stat &amp;apos;SCRATCH_MNT/edir/symlink&amp;apos;: No such file or directory
-8
-1
-Required key not available
+0
+0
+-
 SCRATCH_MNT/edir/newfile: Required key not available
 SCRATCH_MNT/edir/0123456789abcdef: Required key not available
 mkdir: cannot create directory &amp;apos;SCRATCH_MNT/edir/newdir&amp;apos;: Required key not available

		</system-err>
		
	
	</testcase>
	
	
	<testcase classname="xfstests.global" name="generic/398" time="1">
		
		
		<failure message="- output mismatch (see /results/ext4/results-4k/generic/398.out.bad)" type="TestFail"/>
		
		
		<system-out>

Creating filesystem with 1310720 4k blocks and 327680 inodes
Filesystem UUID: 58a3e5e6-0820-45e6-8a74-d7fd0d7ea8b2
Superblock backups stored on blocks: 
	32768, 98304, 163840, 229376, 294912, 819200, 884736

Allocating group tables:  0/40     done                            
Writing inode tables:  0/40     done                            
Creating journal (16384 blocks): done
Writing superblocks and filesystem accounting information:  0/40     done

945885567
Creating filesystem with 1310720 4k blocks and 327680 inodes
Filesystem UUID: 99411385-4099-4e5e-a910-a028813a4b08
Superblock backups stored on blocks: 
	32768, 98304, 163840, 229376, 294912, 819200, 884736

Allocating group tables:  0/40     done                            
Writing inode tables:  0/40     done                            
Creating journal (16384 blocks): done
Writing superblocks and filesystem accounting information:  0/40     done

138684853
438999269
1 links removed
1 links removed

		</system-out>
		
		
		<system-err>

--- tests/generic/398.out	2018-12-19 03:12:14.000000000 +0000
+++ /results/ext4/results-4k/generic/398.out.bad	2019-02-09 21:56:52.388000000 +0000
@@ -1,45 +1,61 @@
 QA output created by 398
+touch: cannot touch &amp;apos;/vdc/edir1/efile1&amp;apos;: No such file or directory
+touch: cannot touch &amp;apos;/vdc/edir2/efile2&amp;apos;: No such file or directory
 
 *** Link encrypted &amp;lt;= encrypted ***
-ln: failed to create hard link &amp;apos;SCRATCH_MNT/edir2/efile1&amp;apos; =&amp;gt; &amp;apos;SCRATCH_MNT/edir1/efile1&amp;apos;: Operation not permitted
+ln: failed to access &amp;apos;SCRATCH_MNT/edir1/efile1&amp;apos;: No such file or directory
 
 *** Rename encrypted =&amp;gt; encrypted ***
-mv: cannot move &amp;apos;SCRATCH_MNT/edir1/efile1&amp;apos; to &amp;apos;SCRATCH_MNT/edir2/efile1&amp;apos;: Operation not permitted
+mv: cannot stat &amp;apos;SCRATCH_MNT/edir1/efile1&amp;apos;: No such file or directory
 
 
 *** Link unencrypted &amp;lt;= encrypted ***
-ln: failed to create hard link &amp;apos;SCRATCH_MNT/edir1/ufile&amp;apos; =&amp;gt; &amp;apos;SCRATCH_MNT/udir/ufile&amp;apos;: Operation not permitted
+ln: failed to create hard link &amp;apos;SCRATCH_MNT/edir1/ufile&amp;apos; =&amp;gt; &amp;apos;SCRATCH_MNT/udir/ufile&amp;apos;: No such file or directory
 
 *** Rename unencrypted =&amp;gt; encrypted ***
-mv: cannot move &amp;apos;SCRATCH_MNT/udir/ufile&amp;apos; to &amp;apos;SCRATCH_MNT/edir1/ufile&amp;apos;: Operation not permitted
+mv: cannot move &amp;apos;SCRATCH_MNT/udir/ufile&amp;apos; to &amp;apos;SCRATCH_MNT/edir1/ufile&amp;apos;: No such file or directory
 
 
 *** Link encrypted &amp;lt;= unencrypted ***
-&amp;apos;SCRATCH_MNT/udir/efile1&amp;apos; =&amp;gt; &amp;apos;SCRATCH_MNT/edir1/efile1&amp;apos;
+ln: failed to access &amp;apos;SCRATCH_MNT/edir1/efile1&amp;apos;: No such file or directory
+rm: cannot remove &amp;apos;/vdc/udir/efile1&amp;apos;: No such file or directory
 
 *** Rename encrypted =&amp;gt; unencrypted ***
-&amp;apos;SCRATCH_MNT/edir1/efile1&amp;apos; -&amp;gt; &amp;apos;SCRATCH_MNT/udir/efile1&amp;apos;
+mv: cannot stat &amp;apos;SCRATCH_MNT/edir1/efile1&amp;apos;: No such file or directory
+mv: cannot stat &amp;apos;/vdc/udir/efile1&amp;apos;: No such file or directory
 
 
 *** Exchange encrypted &amp;lt;=&amp;gt; encrypted ***
-Operation not permitted
+No such file or directory
 
 *** Exchange unencrypted &amp;lt;=&amp;gt; encrypted ***
-Operation not permitted
+No such file or directory
 
 *** Exchange encrypted &amp;lt;=&amp;gt; unencrypted ***
-Operation not permitted
+No such file or directory
 
 
 *** Special file tests ***
-&amp;apos;SCRATCH_MNT/edir1/fifo&amp;apos; -&amp;gt; &amp;apos;SCRATCH_MNT/edir2/fifo&amp;apos;
-&amp;apos;SCRATCH_MNT/edir2/fifo&amp;apos; -&amp;gt; &amp;apos;SCRATCH_MNT/udir/fifo&amp;apos;
-&amp;apos;SCRATCH_MNT/udir/fifo&amp;apos; -&amp;gt; &amp;apos;SCRATCH_MNT/edir1/fifo&amp;apos;
-&amp;apos;SCRATCH_MNT/edir2/fifo&amp;apos; =&amp;gt; &amp;apos;SCRATCH_MNT/edir1/fifo&amp;apos;
+mkfifo: cannot create fifo &amp;apos;/vdc/edir1/fifo&amp;apos;: No such file or directory
+mv: cannot stat &amp;apos;/vdc/edir1/fifo&amp;apos;: No such file or directory
+mv: cannot stat &amp;apos;/vdc/edir2/fifo&amp;apos;: No such file or directory
+mv: cannot stat &amp;apos;/vdc/udir/fifo&amp;apos;: No such file or directory
+No such file or directory
+ln: failed to access &amp;apos;/vdc/edir1/fifo&amp;apos;: No such file or directory
+rm: cannot remove &amp;apos;/vdc/edir1/fifo&amp;apos;: No such file or directory
+rm: cannot remove &amp;apos;/vdc/edir2/fifo&amp;apos;: No such file or directory
 
 
 *** Exchange encrypted &amp;lt;=&amp;gt; encrypted without key ***
-Operation not permitted
+usage: src/renameat2 [-t] [-n|-x|-w] path1 path2
+  -t  test
+  -n  noreplace
+  -x  exchange
+  -w  whiteout
 
 *** Exchange encrypted &amp;lt;=&amp;gt; unencrypted without key ***
-Operation not permitted
+usage: src/renameat2 [-t] [-n|-x|-w] path1 path2
+  -t  test
+  -n  noreplace
+  -x  exchange
+  -w  whiteout

		</system-err>
		
	
	</testcase>
	
	
	<testcase classname="xfstests.global" name="generic/400" time="0">
		
		
		<skipped message="No GETNEXTQUOTA support"/>
		
	
	</testcase>
	
	
	<testcase classname="xfstests.global" name="generic/401" time="1">
	</testcase>
	
	
	<testcase classname="xfstests.global" name="generic/402" time="0">
		
		
		<skipped message="no kernel support for y2038 sysfs switch"/>
		
	
	</testcase>
	
	
	<testcase classname="xfstests.global" name="generic/403" time="1">
	</testcase>
	
	
	<testcase classname="xfstests.global" name="generic/404" time="4">
	</testcase>
	
	
	<testcase classname="xfstests.global" name="generic/406" time="1">
	</testcase>
	
	
	<testcase classname="xfstests.global" name="generic/409" time="5">
	</testcase>
	
	
	<testcase classname="xfstests.global" name="generic/410" time="10">
	</testcase>
	
	
	<testcase classname="xfstests.global" name="generic/411" time="0">
	</testcase>
	
	
	<testcase classname="xfstests.global" name="generic/412" time="1">
	</testcase>
	
	
	<testcase classname="xfstests.global" name="generic/413" time="0">
		
		
		<skipped message="mount /dev/vdc with dax failed"/>
		
	
	</testcase>
	
	
	<testcase classname="xfstests.global" name="generic/417" time="0">
		
		
		<skipped message="ext4 does not support shutdown"/>
		
	
	</testcase>
	
	
	<testcase classname="xfstests.global" name="generic/419" time="1">
		
		
		<failure message="- output mismatch (see /results/ext4/results-4k/generic/419.out.bad)" type="TestFail"/>
		
		
		<system-out>

Creating filesystem with 1310720 4k blocks and 327680 inodes
Filesystem UUID: ce069d6b-69ed-4d57-a3d9-fc4b469aa457
Superblock backups stored on blocks: 
	32768, 98304, 163840, 229376, 294912, 819200, 884736

Allocating group tables:  0/40     done                            
Writing inode tables:  0/40     done                            
Creating journal (16384 blocks): done
Writing superblocks and filesystem accounting information:  0/40     done

479699711
Creating filesystem with 1310720 4k blocks and 327680 inodes
Filesystem UUID: 330c03ec-86bf-409c-8931-2477a1c9aadc
Superblock backups stored on blocks: 
	32768, 98304, 163840, 229376, 294912, 819200, 884736

Allocating group tables:  0/40     done                            
Writing inode tables:  0/40     done                            
Creating journal (16384 blocks): done
Writing superblocks and filesystem accounting information:  0/40     done

884467644
1 links removed

		</system-out>
		
		
		<system-err>

--- tests/generic/419.out	2018-12-19 03:12:14.000000000 +0000
+++ /results/ext4/results-4k/generic/419.out.bad	2019-02-09 21:57:16.288000000 +0000
@@ -1,3 +1,10 @@
 QA output created by 419
-mv: cannot move &amp;apos;SCRATCH_MNT/edir/FILENAME&amp;apos; to &amp;apos;SCRATCH_MNT/edir/FILENAME&amp;apos;: Required key not available
-Required key not available
+./tests/generic/419: line 53: /vdc/edir/a: No such file or directory
+./tests/generic/419: line 54: /vdc/edir/b: No such file or directory
+mv: missing file operand
+Try &amp;apos;mv --help&amp;apos; for more information.
+usage: src/renameat2 [-t] [-n|-x|-w] path1 path2
+  -t  test
+  -n  noreplace
+  -x  exchange
+  -w  whiteout

		</system-err>
		
	
	</testcase>
	
	
	<testcase classname="xfstests.global" name="generic/420" time="0">
	</testcase>
	
	
	<testcase classname="xfstests.global" name="generic/421" time="2">
		
		
		<failure message="- output mismatch (see /results/ext4/results-4k/generic/421.out.bad)" type="TestFail"/>
		
		
		<system-out>

Creating filesystem with 1310720 4k blocks and 327680 inodes
Filesystem UUID: 46cacd3c-5bd2-4070-9bfe-24ebff283d07
Superblock backups stored on blocks: 
	32768, 98304, 163840, 229376, 294912, 819200, 884736

Allocating group tables:  0/40     done                            
Writing inode tables:  0/40     done                            
Creating journal (16384 blocks): done
Writing superblocks and filesystem accounting information:  0/40     done

982595055
Creating filesystem with 1310720 4k blocks and 327680 inodes
Filesystem UUID: 4dcf7694-7e64-4a08-a5fe-2a4acb768f12
Superblock backups stored on blocks: 
	32768, 98304, 163840, 229376, 294912, 819200, 884736

Allocating group tables:  0/40     done                            
Writing inode tables:  0/40     done                            
Creating journal (16384 blocks): done
Writing superblocks and filesystem accounting information:  0/40     done

617290784

		</system-out>
		
		
		<system-err>

--- tests/generic/421.out	2018-12-19 03:12:14.000000000 +0000
+++ /results/ext4/results-4k/generic/421.out.bad	2019-02-09 21:57:18.108000000 +0000
@@ -1,2 +1,5 @@
 QA output created by 421
+/vdc/encrypted_dir/file: No such file or directory
+find: &amp;apos;/vdc/encrypted_dir&amp;apos;: Permission denied
+cat: &amp;apos;&amp;apos;: No such file or directory
 Didn&amp;apos;t crash!

		</system-err>
		
	
	</testcase>
	
	
	<testcase classname="xfstests.global" name="generic/422" time="0">
	</testcase>
	
	
	<testcase classname="xfstests.global" name="generic/423" time="0">
		
		
		<skipped message="This test requires the statx system call"/>
		
	
	</testcase>
	
	
	<testcase classname="xfstests.global" name="generic/424" time="0">
		
		
		<skipped message="This test requires the statx system call"/>
		
	
	</testcase>
	
	
	<testcase classname="xfstests.global" name="generic/425" time="1">
	</testcase>
	
	
	<testcase classname="xfstests.global" name="generic/426" time="0">
	</testcase>
	
	
	<testcase classname="xfstests.global" name="generic/427" time="1">
	</testcase>
	
	
	<testcase classname="xfstests.global" name="generic/428" time="0">
	</testcase>
	
	
	<testcase classname="xfstests.global" name="generic/430" time="0">
		
		
		<skipped message="xfs_io copy_range support is missing (missing syscall?)"/>
		
	
	</testcase>
	
	
	<testcase classname="xfstests.global" name="generic/431" time="0">
		
		
		<skipped message="xfs_io copy_range support is missing (missing syscall?)"/>
		
	
	</testcase>
	
	
	<testcase classname="xfstests.global" name="generic/432" time="0">
		
		
		<skipped message="xfs_io copy_range support is missing (missing syscall?)"/>
		
	
	</testcase>
	
	
	<testcase classname="xfstests.global" name="generic/433" time="0">
		
		
		<skipped message="xfs_io copy_range support is missing (missing syscall?)"/>
		
	
	</testcase>
	
	
	<testcase classname="xfstests.global" name="generic/434" time="0">
		
		
		<skipped message="xfs_io copy_range support is missing (missing syscall?)"/>
		
	
	</testcase>
	
	
	<testcase classname="xfstests.global" name="generic/436" time="0">
	</testcase>
	
	
	<testcase classname="xfstests.global" name="generic/437" time="1">
	</testcase>
	
	
	<testcase classname="xfstests.global" name="generic/439" time="1">
	</testcase>
	
	
	<testcase classname="xfstests.global" name="generic/440" time="1">
		
		
		<failure message="- output mismatch (see /results/ext4/results-4k/generic/440.out.bad)" type="TestFail"/>
		
		
		<system-out>

Creating filesystem with 1310720 4k blocks and 327680 inodes
Filesystem UUID: 77c67e47-baf2-40d9-b999-b0b8b36a7cbc
Superblock backups stored on blocks: 
	32768, 98304, 163840, 229376, 294912, 819200, 884736

Allocating group tables:  0/40     done                            
Writing inode tables:  0/40     done                            
Creating journal (16384 blocks): done
Writing superblocks and filesystem accounting information:  0/40     done

457879486
Creating filesystem with 1310720 4k blocks and 327680 inodes
Filesystem UUID: 18b4f26d-f54a-47d8-b412-3a995d37b0a9
Superblock backups stored on blocks: 
	32768, 98304, 163840, 229376, 294912, 819200, 884736

Allocating group tables:  0/40     done                            
Writing inode tables:  0/40     done                            
Creating journal (16384 blocks): done
Writing superblocks and filesystem accounting information:  0/40     done

277765059
1 links removed
138807456
1 links removed

		</system-out>
		
		
		<system-err>

--- tests/generic/440.out	2018-12-19 03:12:14.000000000 +0000
+++ /results/ext4/results-4k/generic/440.out.bad	2019-02-09 21:57:24.028000000 +0000
@@ -1,13 +1,18 @@
 QA output created by 440
+mkdir: cannot create directory &amp;apos;/vdc/edir/subdir&amp;apos;: No such file or directory
+ln: failed to create symbolic link &amp;apos;/vdc/edir/symlink&amp;apos;: No such file or directory
+./tests/generic/440: line 58: /vdc/edir/file: No such file or directory
 
 ***** Parent has key, but child doesn&amp;apos;t *****
-file
-subdir
-symlink
-cat: SCRATCH_MNT/edir/file: Required key not available
+./tests/generic/440: line 67: /vdc/edir: Permission denied
+ls: cannot open directory &amp;apos;/vdc/edir&amp;apos;: Permission denied
+cat: SCRATCH_MNT/edir/file: No such file or directory
+ls: cannot access &amp;apos;/vdc/edir/subdir&amp;apos;: No such file or directory
 cat: SCRATCH_MNT/edir/symlink: No such file or directory
 
 ***** Child has key, but parent doesn&amp;apos;t *****
-contents
+ln: failed to access &amp;apos;/vdc/edir/file&amp;apos;: No such file or directory
+cat: /vdc/edir2/link: No such file or directory
+./tests/generic/440: line 89: /vdc/edir2/link: No such file or directory
 stat: cannot stat &amp;apos;SCRATCH_MNT/edir/file&amp;apos;: No such file or directory
-contents
+cat: &amp;apos;&amp;apos;: No such file or directory

		</system-err>
		
	
	</testcase>
	
	
	<testcase classname="xfstests.global" name="generic/441" time="0">
		
		
		<failure message="- output mismatch (see /results/ext4/results-4k/generic/441.out.bad)" type="TestFail"/>
		
		
		<system-out>

Creating filesystem with 1310720 4k blocks and 327680 inodes
Filesystem UUID: 3d1801ae-28ad-4f60-b8ec-a5031f5d4aa4
Superblock backups stored on blocks: 
	32768, 98304, 163840, 229376, 294912, 819200, 884736

Allocating group tables:  0/40     done                            
Writing inode tables:  0/40     done                            
Creating journal (16384 blocks): done
Writing superblocks and filesystem accounting information:  0/40     done

device-mapper: remove ioctl on error-test failed: No such device or address
Command failed
/root/xfstests/src/fsync-err -s -d /root/xfstests/src/dmerror /vdc/fsync-err-test
fsck from util-linux 2.29.2
e2fsck 1.44.5 (15-Dec-2018)
/dev/vdc: recovering journal
Setting free inodes count to 327668 (was 327669)
Setting free blocks count to 1268479 (was 1268642)
/dev/vdc: clean, 12/327680 files, 42241/1310720 blocks
device-mapper: remove ioctl on error-test failed: No such device or address
Command failed

		</system-out>
		
		
		<system-err>

--- tests/generic/441.out	2018-12-19 03:12:14.000000000 +0000
+++ /results/ext4/results-4k/generic/441.out.bad	2019-02-09 21:57:24.688000000 +0000
@@ -1,3 +1,3 @@
 QA output created by 441
 Format and mount
-Test passed!
+Success on second fsync on fd[2]!

		</system-err>
		
	
	</testcase>
	
	
	<testcase classname="xfstests.global" name="generic/443" time="0">
	</testcase>
	
	
	<testcase classname="xfstests.global" name="generic/444" time="1">
	</testcase>
	
	
	<testcase classname="xfstests.global" name="generic/445" time="0">
	</testcase>
	
	
	<testcase classname="xfstests.global" name="generic/446" time="2">
	</testcase>
	
	
	<testcase classname="xfstests.global" name="generic/448" time="1">
	</testcase>
	
	
	<testcase classname="xfstests.global" name="generic/449" time="1">
	</testcase>
	
	
	<testcase classname="xfstests.global" name="generic/450" time="0">
	</testcase>
	
	
	<testcase classname="xfstests.global" name="generic/451" time="1">
		
		
		<failure message="- output mismatch (see /results/ext4/results-4k/generic/451.out.bad)" type="TestFail"/>
		
		
		<system-err>

--- tests/generic/451.out	2018-12-19 03:12:14.000000000 +0000
+++ /results/ext4/results-4k/generic/451.out.bad	2019-02-09 21:57:30.116000000 +0000
@@ -1,2 +1,13 @@
 QA output created by 451
+get stale data from buffer read
+00000000  aa aa aa aa aa aa aa aa aa aa aa aa aa aa aa aa  ................
+*
+00005000  55 55 55 55 55 55 55 55 55 55 55 55 55 55 55 55  UUUUUUUUUUUUUUUU
+*
+00006000  aa aa aa aa aa aa aa aa aa aa aa aa aa aa aa aa  ................
+*
+00008000  55 55 55 55 55 55 55 55 55 55 55 55 55 55 55 55  UUUUUUUUUUUUUUUU
+*
+00008820  aa aa aa aa aa aa aa aa aa aa aa aa aa aa aa aa  ................
+000a0000
 Silence is golden

		</system-err>
		
	
	</testcase>
	
	
	<testcase classname="xfstests.global" name="generic/452" time="0">
	</testcase>
	
	
	<testcase classname="xfstests.global" name="generic/453" time="1">
	</testcase>
	
	
	<testcase classname="xfstests.global" name="generic/454" time="0">
	</testcase>
	
	
	<testcase classname="xfstests.global" name="generic/456" time="1">
		
		
		<skipped message="This test requires dm flakey support"/>
		
	
	</testcase>
	
	
	<testcase classname="xfstests.global" name="generic/460" time="1">
	</testcase>
	
	
	<testcase classname="xfstests.global" name="generic/462" time="1">
		
		
		<skipped message="mount /dev/vdc with dax failed"/>
		
	
	</testcase>
	
	
	<testcase classname="xfstests.global" name="generic/465" time="2">
	</testcase>
	
	
	<testcase classname="xfstests.global" name="generic/466" time="1">
	</testcase>
	
	
	<testcase classname="xfstests.global" name="generic/467" time="0">
	</testcase>
	
	
	<testcase classname="xfstests.global" name="generic/468" time="1">
		
		
		<skipped message="ext4 does not support shutdown"/>
		
	
	</testcase>
	
	
	<testcase classname="xfstests.global" name="generic/469" time="0">
	</testcase>
	
	
	<testcase classname="xfstests.global" name="generic/470" time="0">
		
		
		<skipped message="This test requires dm log-writes support"/>
		
	
	</testcase>
	
	
	<testcase classname="xfstests.global" name="generic/471" time="0">
		
		
		<skipped message="xfs_io pwrite doesn't support -N"/>
		
	
	</testcase>
	
	
	<testcase classname="xfstests.global" name="generic/472" time="1">
	</testcase>
	
	
	<testcase classname="xfstests.global" name="generic/474" time="0">
		
		
		<skipped message="ext4 does not support shutdown"/>
		
	
	</testcase>
	
	
	<testcase classname="xfstests.global" name="generic/477" time="1">
	</testcase>
	
	
	<testcase classname="xfstests.global" name="generic/478" time="8">
	</testcase>
	
	
	<testcase classname="xfstests.global" name="generic/479" time="0">
		
		
		<skipped message="This test requires dm flakey support"/>
		
	
	</testcase>
	
	
	<testcase classname="xfstests.global" name="generic/480" time="0">
		
		
		<skipped message="This test requires dm flakey support"/>
		
	
	</testcase>
	
	
	<testcase classname="xfstests.global" name="generic/481" time="0">
		
		
		<skipped message="This test requires dm flakey support"/>
		
	
	</testcase>
	
	
	<testcase classname="xfstests.global" name="generic/483" time="0">
		
		
		<skipped message="This test requires dm flakey support"/>
		
	
	</testcase>
	
	
	<testcase classname="xfstests.global" name="generic/485" time="1">
	</testcase>
	
	
	<testcase classname="xfstests.global" name="generic/486" time="0">
	</testcase>
	
	
	<testcase classname="xfstests.global" name="generic/487" time="0">
		
		
		<skipped message="This test requires a valid $SCRATCH_LOGDEV"/>
		
	
	</testcase>
	
	
	<testcase classname="xfstests.global" name="generic/488" time="1">
	</testcase>
	
	
	<testcase classname="xfstests.global" name="generic/489" time="0">
		
		
		<skipped message="This test requires dm flakey support"/>
		
	
	</testcase>
	
	
	<testcase classname="xfstests.global" name="generic/490" time="2">
	</testcase>
	
	
	<testcase classname="xfstests.global" name="generic/491" time="0">
		
		
		<failure message="_check_dmesg: something found in dmesg (see /results/ext4/results-4k/generic/491.dmesg)" type="TestFail"/>
		
		
		<system-out>

Creating filesystem with 1310720 4k blocks and 327680 inodes
Filesystem UUID: db8f8f27-62cb-4623-919d-fb160cc9ec83
Superblock backups stored on blocks: 
	32768, 98304, 163840, 229376, 294912, 819200, 884736

Allocating group tables:  0/40     done                            
Writing inode tables:  0/40     done                            
Creating journal (16384 blocks): done
Writing superblocks and filesystem accounting information:  0/40     done


		</system-out>
		
		
		<system-err>

[  304.102132] run fstests generic/491 at 2019-02-09 21:57:53
[  304.365077] EXT4-fs (vdc): mounted filesystem with ordered data mode. Opts: acl,user_xattr,block_validity
[  304.386677] EXT4-fs (vdc): mounted filesystem with ordered data mode. Opts: acl,user_xattr,block_validity
[  304.429398] ------------[ cut here ]------------
[  304.430148] WARNING: CPU: 0 PID: 193500 at fs/ext4/ext4_jbd2.c:48 ext4_journal_check_start+0x67/0xa0()
[  304.431508] Modules linked in:
[  304.431984] CPU: 0 PID: 193500 Comm: cat Not tainted 4.4.174+ #1
[  304.432770] Hardware name: QEMU Standard PC (i440FX + PIIX, 1996), BIOS rel-1.11.1-0-g0551a4be2c-prebuilt.qemu-project.org 04/01/2014
[  304.434324] Call Trace:
[  304.434702]  dump_stack+0x63/0x82
[  304.435202]  warn_slowpath_common+0x82/0xc0
[  304.435736]  ? ext4_file_open+0xf7/0x1a0
[  304.436235]  warn_slowpath_null+0x1a/0x20
[  304.436784]  ext4_journal_check_start+0x67/0xa0
[  304.437440]  __ext4_journal_start_sb+0x36/0x130
[  304.438100]  ext4_file_open+0xf7/0x1a0
[  304.438727]  do_dentry_open+0x202/0x2f0
[  304.439271]  ? ext4_release_file+0xc0/0xc0
[  304.439807]  vfs_open+0x54/0x80
[  304.440224]  ? may_open+0x5b/0xf0
[  304.440709]  path_openat+0x1fa/0x1320
[  304.441232]  ? page_add_file_rmap+0x20/0x50
[  304.441777]  do_filp_open+0x7e/0xe0
[  304.442330]  ? kmem_cache_alloc+0x47/0x190
[  304.442950]  ? __alloc_fd+0xc7/0x190
[  304.443439]  do_sys_open+0x12b/0x210
[  304.443925]  SyS_open+0x1e/0x20
[  304.444367]  entry_SYSCALL_64_fastpath+0x22/0x99
[  304.445000] ---[ end trace 5eca03f7d3f79543 ]---
[  304.445715] ---[ now 2019-02-09 21:57:53+00 ]---
[  304.512280] EXT4-fs (vdc): mounted filesystem with ordered data mode. Opts: acl,user_xattr,block_validity

		</system-err>
		
	
	</testcase>
	
	
	<testcase classname="xfstests.global" name="generic/492" time="0">
		
		
		<skipped message="xfs_io label support is missing"/>
		
	
	</testcase>
	
	
	<testcase classname="xfstests.global" name="generic/493" time="1">
		
		
		<skipped message="Dedupe not supported by scratch filesystem type: ext4"/>
		
	
	</testcase>
	
	
	<testcase classname="xfstests.global" name="generic/495" time="0">
	</testcase>
	
	
	<testcase classname="xfstests.global" name="generic/496" time="1">
	</testcase>
	
	
	<testcase classname="xfstests.global" name="generic/497" time="1">
	</testcase>
	
	
	<testcase classname="xfstests.global" name="generic/498" time="0">
		
		
		<skipped message="This test requires dm flakey support"/>
		
	
	</testcase>
	
	
	<testcase classname="xfstests.global" name="generic/499" time="0">
	</testcase>
	
	
	<testcase classname="xfstests.global" name="generic/502" time="0">
		
		
		<skipped message="This test requires dm flakey support"/>
		
	
	</testcase>
	
	
	<testcase classname="xfstests.global" name="generic/503" time="4">
	</testcase>
	
	
	<testcase classname="xfstests.global" name="generic/504" time="1">
	</testcase>
	
	
	<testcase classname="xfstests.global" name="generic/505" time="0">
		
		
		<skipped message="ext4 does not support shutdown"/>
		
	
	</testcase>
	
	
	<testcase classname="xfstests.global" name="generic/506" time="0">
		
		
		<skipped message="Project quota not available on this ext4"/>
		
	
	</testcase>
	
	
	<testcase classname="xfstests.global" name="generic/507" time="0">
		
		
		<skipped message="ext4 does not support shutdown"/>
		
	
	</testcase>
	
	
	<testcase classname="xfstests.global" name="generic/508" time="0">
		
		
		<skipped message="This test requires the statx system call"/>
		
	
	</testcase>
	
	
	<testcase classname="xfstests.global" name="generic/509" time="1">
		
		
		<skipped message="This test requires dm flakey support"/>
		
	
	</testcase>
	
	
	<testcase classname="xfstests.global" name="generic/510" time="0">
		
		
		<skipped message="This test requires dm flakey support"/>
		
	
	</testcase>
	
	
	<testcase classname="xfstests.global" name="generic/511" time="0">
	</testcase>
	
	
	<testcase classname="xfstests.global" name="generic/512" time="1">
		
		
		<skipped message="This test requires dm flakey support"/>
		
	
	</testcase>
	
	
	<testcase classname="xfstests.global" name="generic/519" time="0">
	</testcase>
	
	
	<testcase classname="xfstests.global" name="generic/520" time="0">
		
		
		<skipped message="This test requires dm flakey support"/>
		
	
	</testcase>
	
	
	<testcase classname="xfstests.global" name="generic/523" time="1">
	</testcase>
	
	
	<testcase classname="xfstests.global" name="shared/001" time="0">
	</testcase>
	
	
	<testcase classname="xfstests.global" name="shared/002" time="0">
		
		
		<skipped message="not suitable for this filesystem type: ext4"/>
		
	
	</testcase>
	
	
	<testcase classname="xfstests.global" name="shared/003" time="1">
	</testcase>
	
	
	<testcase classname="xfstests.global" name="shared/004" time="0">
	</testcase>
	
	
	<testcase classname="xfstests.global" name="shared/032" time="1">
		
		
		<skipped message="not suitable for this filesystem type: ext4"/>
		
	
	</testcase>
	
	
	<testcase classname="xfstests.global" name="shared/289" time="0">
	</testcase>
	

</testsuite>
